\BOOKMARK [0][-]{chapter.1}{}{}% 1
\BOOKMARK [0][-]{chapter.2}{}{}% 2
\BOOKMARK [1][-]{section.2.1}{}{chapter.2}% 3
\BOOKMARK [2][-]{subsection.2.1.1}{}{section.2.1}% 4
\BOOKMARK [1][-]{section.2.2}{}{chapter.2}% 5
\BOOKMARK [2][-]{subsection.2.2.1}{}{section.2.2}% 6
\BOOKMARK [2][-]{subsection.2.2.2}{}{section.2.2}% 7
\BOOKMARK [2][-]{subsection.2.2.3}{}{section.2.2}% 8
\BOOKMARK [2][-]{subsection.2.2.4}{}{section.2.2}% 9
\BOOKMARK [1][-]{section.2.3}{}{chapter.2}% 10
\BOOKMARK [2][-]{subsection.2.3.1}{}{section.2.3}% 11
\BOOKMARK [2][-]{subsection.2.3.2}{}{section.2.3}% 12
\BOOKMARK [1][-]{section.2.4}{}{chapter.2}% 13
\BOOKMARK [2][-]{subsection.2.4.1}{}{section.2.4}% 14
\BOOKMARK [2][-]{subsection.2.4.2}{}{section.2.4}% 15
\BOOKMARK [2][-]{subsection.2.4.3}{}{section.2.4}% 16
\BOOKMARK [2][-]{subsection.2.4.4}{}{section.2.4}% 17
\BOOKMARK [1][-]{section.2.5}{}{chapter.2}% 18
\BOOKMARK [2][-]{subsection.2.5.1}{}{section.2.5}% 19
\BOOKMARK [2][-]{subsection.2.5.2}{}{section.2.5}% 20
\BOOKMARK [2][-]{subsection.2.5.3}{}{section.2.5}% 21
\BOOKMARK [2][-]{subsection.2.5.4}{}{section.2.5}% 22
\BOOKMARK [2][-]{subsection.2.5.5}{}{section.2.5}% 23
\BOOKMARK [0][-]{chapter.3}{\376\377\000T\036\325\000n\000g\000\040\000k\036\277\000t}{}% 24
\BOOKMARK [0][-]{chapter*.3}{\376\377\000\040\000T\000\340\000i\000\040\000l\000i\036\307\000u\000\040\000t\000h\000a\000m\000\040\000k\000h\036\243\000o}{}% 25
