This is pdfTeX, Version 3.141592653-2.6-1.40.24 (MiKTeX 21.12) (preloaded format=pdflatex 2022.1.14)  22 JAN 2022 17:45
entering extended mode
 restricted \write18 enabled.
 %&-line parsing enabled.
**./main.tex
(main.tex
LaTeX2e <2021-11-15> patch level 1
L3 programming layer <2021-11-22>
(C:\Users\dell\AppData\Local\Programs\MiKTeX\tex/latex/extsizes\extreport.cls
Document Class: extreport 1996/10/08 v1.0 Non Standard LaTeX document class
(C:\Users\dell\AppData\Local\Programs\MiKTeX\tex/latex/base\size12.clo
File: size12.clo 2021/10/04 v1.4n Standard LaTeX file (size option)
)
(C:\Users\dell\AppData\Local\Programs\MiKTeX\tex/latex/base\exscale.sty
Package: exscale 2018/09/24 v2.1i Standard LaTeX package exscale
LaTeX Font Info:    Redeclaring symbol font `largesymbols' on input line 57.
LaTeX Font Info:    Overwriting symbol font `largesymbols' in version `normal'
(Font)                  OMX/cmex/m/n --> OMX/cmex/m/n on input line 57.
LaTeX Font Info:    Overwriting symbol font `largesymbols' in version `bold'
(Font)                  OMX/cmex/m/n --> OMX/cmex/m/n on input line 57.
\big@size=\dimen138
)
\c@part=\count183
\c@chapter=\count184
\c@section=\count185
\c@subsection=\count186
\c@subsubsection=\count187
\c@paragraph=\count188
\c@subparagraph=\count189
\c@figure=\count190
\c@table=\count191
\abovecaptionskip=\skip47
\belowcaptionskip=\skip48
\bibindent=\dimen139
)
(C:\Users\dell\AppData\Local\Programs\MiKTeX\tex/latex/subfigure\subfigure.sty
Package: subfigure 2002/07/30 v2.1.4 subfigure package
\subfigtopskip=\skip49
\subfigcapskip=\skip50
\subfigcaptopadj=\dimen140
\subfigbottomskip=\skip51
\subfigcapmargin=\dimen141
\subfiglabelskip=\skip52
\c@subfigure=\count192
\c@lofdepth=\count193
\c@subtable=\count194
\c@lotdepth=\count195

****************************************
* Local config file subfigure.cfg used *
****************************************
(C:\Users\dell\AppData\Local\Programs\MiKTeX\tex/latex/subfigure\subfigure.cfg)
\subfig@top=\skip53
\subfig@bottom=\skip54
) (C:\Users\dell\AppData\Local\Programs\MiKTeX\tex/latex/vntex\vietnam.sty
Package: vietnam 2009/07/12 v1.3 support for Vietnamese

(C:\Users\dell\AppData\Local\Programs\MiKTeX\tex/latex/base\ifthen.sty
Package: ifthen 2020/11/24 v1.1c Standard LaTeX ifthen package (DPC)
)
(C:\Users\dell\AppData\Local\Programs\MiKTeX\tex/latex/base\fontenc.sty
Package: fontenc 2021/04/29 v2.0v Standard LaTeX package

(C:\Users\dell\AppData\Local\Programs\MiKTeX\tex/latex/vntex\t5enc.def
File: t5enc.def 2006/11/21 v1.4 Vietnamese T5 encoding
Now handling font encoding T5 ...
... processing UTF-8 mapping file for font encoding T5

(C:\Users\dell\AppData\Local\Programs\MiKTeX\tex/latex/vntex\t5enc.dfu
File: t5enc.dfu 2006/08/19 v1.1 UTF8 support for Vietnamese
   defining Unicode char U+00AB (decimal 171)
   defining Unicode char U+00BB (decimal 187)
   defining Unicode char U+00C0 (decimal 192)
   defining Unicode char U+00C1 (decimal 193)
   defining Unicode char U+00C2 (decimal 194)
   defining Unicode char U+00C3 (decimal 195)
   defining Unicode char U+00C8 (decimal 200)
   defining Unicode char U+00C9 (decimal 201)
   defining Unicode char U+00CA (decimal 202)
   defining Unicode char U+00CC (decimal 204)
   defining Unicode char U+00CD (decimal 205)
   defining Unicode char U+00D2 (decimal 210)
   defining Unicode char U+00D3 (decimal 211)
   defining Unicode char U+00D4 (decimal 212)
   defining Unicode char U+00D5 (decimal 213)
   defining Unicode char U+00D9 (decimal 217)
   defining Unicode char U+00DA (decimal 218)
   defining Unicode char U+00DD (decimal 221)
   defining Unicode char U+00E0 (decimal 224)
   defining Unicode char U+00E1 (decimal 225)
   defining Unicode char U+00E2 (decimal 226)
   defining Unicode char U+00E3 (decimal 227)
   defining Unicode char U+00E8 (decimal 232)
   defining Unicode char U+00E9 (decimal 233)
   defining Unicode char U+00EA (decimal 234)
   defining Unicode char U+00EC (decimal 236)
   defining Unicode char U+00ED (decimal 237)
   defining Unicode char U+00F2 (decimal 242)
   defining Unicode char U+00F3 (decimal 243)
   defining Unicode char U+00F4 (decimal 244)
   defining Unicode char U+00F5 (decimal 245)
   defining Unicode char U+00F9 (decimal 249)
   defining Unicode char U+00FA (decimal 250)
   defining Unicode char U+00FD (decimal 253)
   defining Unicode char U+0102 (decimal 258)
   defining Unicode char U+0103 (decimal 259)
   defining Unicode char U+0110 (decimal 272)
   defining Unicode char U+0111 (decimal 273)
   defining Unicode char U+0128 (decimal 296)
   defining Unicode char U+0129 (decimal 297)
   defining Unicode char U+0131 (decimal 305)
   defining Unicode char U+0168 (decimal 360)
   defining Unicode char U+0169 (decimal 361)
   defining Unicode char U+01A0 (decimal 416)
   defining Unicode char U+01A1 (decimal 417)
   defining Unicode char U+01AF (decimal 431)
   defining Unicode char U+01B0 (decimal 432)
   defining Unicode char U+1EA0 (decimal 7840)
   defining Unicode char U+1EA1 (decimal 7841)
   defining Unicode char U+1EA2 (decimal 7842)
   defining Unicode char U+1EA3 (decimal 7843)
   defining Unicode char U+1EA4 (decimal 7844)
   defining Unicode char U+1EA5 (decimal 7845)
   defining Unicode char U+1EA6 (decimal 7846)
   defining Unicode char U+1EA7 (decimal 7847)
   defining Unicode char U+1EA8 (decimal 7848)
   defining Unicode char U+1EA9 (decimal 7849)
   defining Unicode char U+1EAA (decimal 7850)
   defining Unicode char U+1EAB (decimal 7851)
   defining Unicode char U+1EAC (decimal 7852)
   defining Unicode char U+1EAD (decimal 7853)
   defining Unicode char U+1EAE (decimal 7854)
   defining Unicode char U+1EAF (decimal 7855)
   defining Unicode char U+1EB0 (decimal 7856)
   defining Unicode char U+1EB1 (decimal 7857)
   defining Unicode char U+1EB2 (decimal 7858)
   defining Unicode char U+1EB3 (decimal 7859)
   defining Unicode char U+1EB4 (decimal 7860)
   defining Unicode char U+1EB5 (decimal 7861)
   defining Unicode char U+1EB6 (decimal 7862)
   defining Unicode char U+1EB7 (decimal 7863)
   defining Unicode char U+1EB8 (decimal 7864)
   defining Unicode char U+1EB9 (decimal 7865)
   defining Unicode char U+1EBA (decimal 7866)
   defining Unicode char U+1EBB (decimal 7867)
   defining Unicode char U+1EBC (decimal 7868)
   defining Unicode char U+1EBD (decimal 7869)
   defining Unicode char U+1EBE (decimal 7870)
   defining Unicode char U+1EBF (decimal 7871)
   defining Unicode char U+1EC0 (decimal 7872)
   defining Unicode char U+1EC1 (decimal 7873)
   defining Unicode char U+1EC2 (decimal 7874)
   defining Unicode char U+1EC3 (decimal 7875)
   defining Unicode char U+1EC4 (decimal 7876)
   defining Unicode char U+1EC5 (decimal 7877)
   defining Unicode char U+1EC6 (decimal 7878)
   defining Unicode char U+1EC7 (decimal 7879)
   defining Unicode char U+1EC8 (decimal 7880)
   defining Unicode char U+1EC9 (decimal 7881)
   defining Unicode char U+1ECA (decimal 7882)
   defining Unicode char U+1ECB (decimal 7883)
   defining Unicode char U+1ECC (decimal 7884)
   defining Unicode char U+1ECD (decimal 7885)
   defining Unicode char U+1ECE (decimal 7886)
   defining Unicode char U+1ECF (decimal 7887)
   defining Unicode char U+1ED0 (decimal 7888)
   defining Unicode char U+1ED1 (decimal 7889)
   defining Unicode char U+1ED2 (decimal 7890)
   defining Unicode char U+1ED3 (decimal 7891)
   defining Unicode char U+1ED4 (decimal 7892)
   defining Unicode char U+1ED5 (decimal 7893)
   defining Unicode char U+1ED6 (decimal 7894)
   defining Unicode char U+1ED7 (decimal 7895)
   defining Unicode char U+1ED8 (decimal 7896)
   defining Unicode char U+1ED9 (decimal 7897)
   defining Unicode char U+1EDA (decimal 7898)
   defining Unicode char U+1EDB (decimal 7899)
   defining Unicode char U+1EDC (decimal 7900)
   defining Unicode char U+1EDD (decimal 7901)
   defining Unicode char U+1EDE (decimal 7902)
   defining Unicode char U+1EDF (decimal 7903)
   defining Unicode char U+1EE0 (decimal 7904)
   defining Unicode char U+1EE1 (decimal 7905)
   defining Unicode char U+1EE2 (decimal 7906)
   defining Unicode char U+1EE3 (decimal 7907)
   defining Unicode char U+1EE4 (decimal 7908)
   defining Unicode char U+1EE5 (decimal 7909)
   defining Unicode char U+1EE6 (decimal 7910)
   defining Unicode char U+1EE7 (decimal 7911)
   defining Unicode char U+1EE8 (decimal 7912)
   defining Unicode char U+1EE9 (decimal 7913)
   defining Unicode char U+1EEA (decimal 7914)
   defining Unicode char U+1EEB (decimal 7915)
   defining Unicode char U+1EEC (decimal 7916)
   defining Unicode char U+1EED (decimal 7917)
   defining Unicode char U+1EEE (decimal 7918)
   defining Unicode char U+1EEF (decimal 7919)
   defining Unicode char U+1EF0 (decimal 7920)
   defining Unicode char U+1EF1 (decimal 7921)
   defining Unicode char U+1EF2 (decimal 7922)
   defining Unicode char U+1EF3 (decimal 7923)
   defining Unicode char U+1EF4 (decimal 7924)
   defining Unicode char U+1EF5 (decimal 7925)
   defining Unicode char U+1EF6 (decimal 7926)
   defining Unicode char U+1EF7 (decimal 7927)
   defining Unicode char U+1EF8 (decimal 7928)
   defining Unicode char U+1EF9 (decimal 7929)
   defining Unicode char U+200C (decimal 8204)
   defining Unicode char U+2013 (decimal 8211)
   defining Unicode char U+2014 (decimal 8212)
   defining Unicode char U+2018 (decimal 8216)
   defining Unicode char U+2019 (decimal 8217)
   defining Unicode char U+201A (decimal 8218)
   defining Unicode char U+201C (decimal 8220)
   defining Unicode char U+201D (decimal 8221)
   defining Unicode char U+201E (decimal 8222)
   defining Unicode char U+2030 (decimal 8240)
   defining Unicode char U+2031 (decimal 8241)
   defining Unicode char U+2039 (decimal 8249)
   defining Unicode char U+203A (decimal 8250)
   defining Unicode char U+2423 (decimal 9251)
))
LaTeX Font Info:    Trying to load font information for T5+cmr on input line 11
2.

(C:\Users\dell\AppData\Local\Programs\MiKTeX\tex/latex/vntex\t5cmr.fd
File: t5cmr.fd 1999/05/25 v2.5h Standard LaTeX font definitions
))
(C:\Users\dell\AppData\Local\Programs\MiKTeX\tex/latex/base\inputenc.sty
Package: inputenc 2021/02/14 v1.3d Input encoding file
\inpenc@prehook=\toks16
\inpenc@posthook=\toks17
)
(C:\Users\dell\AppData\Local\Programs\MiKTeX\tex/latex/vntex\vncaps.tex
File: vncaps.tex 2006/06/07 v1.1 Captions in Vietnamese
))
(C:\Users\dell\AppData\Local\Programs\MiKTeX\tex/latex/geometry\geometry.sty
Package: geometry 2020/01/02 v5.9 Page Geometry

(C:\Users\dell\AppData\Local\Programs\MiKTeX\tex/latex/graphics\keyval.sty
Package: keyval 2014/10/28 v1.15 key=value parser (DPC)
\KV@toks@=\toks18
)
(C:\Users\dell\AppData\Local\Programs\MiKTeX\tex/generic/iftex\ifvtex.sty
Package: ifvtex 2019/10/25 v1.7 ifvtex legacy package. Use iftex instead.

(C:\Users\dell\AppData\Local\Programs\MiKTeX\tex/generic/iftex\iftex.sty
Package: iftex 2020/03/06 v1.0d TeX engine tests
))
\Gm@cnth=\count196
\Gm@cntv=\count197
\c@Gm@tempcnt=\count198
\Gm@bindingoffset=\dimen142
\Gm@wd@mp=\dimen143
\Gm@odd@mp=\dimen144
\Gm@even@mp=\dimen145
\Gm@layoutwidth=\dimen146
\Gm@layoutheight=\dimen147
\Gm@layouthoffset=\dimen148
\Gm@layoutvoffset=\dimen149
\Gm@dimlist=\toks19

(C:\Users\dell\AppData\Local\Programs\MiKTeX\tex/latex/geometry\geometry.cfg))
(C:\Users\dell\AppData\Local\Programs\MiKTeX\tex/latex/fancybox\fancybox.sty
Package: fancybox 2010/05/15 1.4

Style option: `fancybox' v1.4 <2010/05/15> (tvz)
\@fancybox=\box50
\shadowsize=\dimen150
\@Sbox=\box51
\do@VerbBox=\toks20
\the@fancyput=\toks21
\this@fancyput=\toks22
\EndVerbatimTokens=\toks23
\Verbatim@Outfile=\write3
\Verbatim@Infile=\read2
) (C:\Users\dell\AppData\Local\Programs\MiKTeX\tex/latex/graphics\graphicx.sty
Package: graphicx 2021/09/16 v1.2d Enhanced LaTeX Graphics (DPC,SPQR)

(C:\Users\dell\AppData\Local\Programs\MiKTeX\tex/latex/graphics\graphics.sty
Package: graphics 2021/03/04 v1.4d Standard LaTeX Graphics (DPC,SPQR)

(C:\Users\dell\AppData\Local\Programs\MiKTeX\tex/latex/graphics\trig.sty
Package: trig 2021/08/11 v1.11 sin cos tan (DPC)
)
(C:\Users\dell\AppData\Local\Programs\MiKTeX\tex/latex/graphics-cfg\graphics.cf
g
File: graphics.cfg 2016/06/04 v1.11 sample graphics configuration
)
Package graphics Info: Driver file: pdftex.def on input line 107.

(C:\Users\dell\AppData\Local\Programs\MiKTeX\tex/latex/graphics-def\pdftex.def
File: pdftex.def 2020/10/05 v1.2a Graphics/color driver for pdftex
))
\Gin@req@height=\dimen151
\Gin@req@width=\dimen152
) (C:\Users\dell\AppData\Local\Programs\MiKTeX\tex/latex/jknappen\mathrsfs.sty
Package: mathrsfs 1996/01/01 Math RSFS package v1.0 (jk)
\symrsfs=\mathgroup4
) (C:\Users\dell\AppData\Local\Programs\MiKTeX\tex/latex/amsfonts\amsfonts.sty
Package: amsfonts 2013/01/14 v3.01 Basic AMSFonts support
\@emptytoks=\toks24
\symAMSa=\mathgroup5
\symAMSb=\mathgroup6
LaTeX Font Info:    Redeclaring math symbol \hbar on input line 98.
LaTeX Font Info:    Overwriting math alphabet `\mathfrak' in version `bold'
(Font)                  U/euf/m/n --> U/euf/b/n on input line 106.
) (C:\Users\dell\AppData\Local\Programs\MiKTeX\tex/latex/tools\longtable.sty
Package: longtable 2021-09-01 v4.17 Multi-page Table package (DPC)
\LTleft=\skip55
\LTright=\skip56
\LTpre=\skip57
\LTpost=\skip58
\LTchunksize=\count199
\LTcapwidth=\dimen153
\LT@head=\box52
\LT@firsthead=\box53
\LT@foot=\box54
\LT@lastfoot=\box55
\LT@gbox=\box56
\LT@cols=\count266
\LT@rows=\count267
\c@LT@tables=\count268
\c@LT@chunks=\count269
\LT@p@ftn=\toks25
)
(C:\Users\dell\AppData\Local\Programs\MiKTeX\tex/latex/tools\array.sty
Package: array 2021/10/04 v2.5f Tabular extension package (FMi)
\col@sep=\dimen154
\ar@mcellbox=\box57
\extrarowheight=\dimen155
\NC@list=\toks26
\extratabsurround=\skip59
\backup@length=\skip60
\ar@cellbox=\box58
)
(C:\Users\dell\AppData\Local\Programs\MiKTeX\tex/latex/multirow\multirow.sty
Package: multirow 2021/03/15 v2.8 Span multiple rows of a table
\multirow@colwidth=\skip61
\multirow@cntb=\count270
\multirow@dima=\skip62
\bigstrutjot=\dimen156
)
\mylength=\skip63

(C:\Users\dell\AppData\Local\Programs\MiKTeX\tex/latex/amsmath\amsmath.sty
Package: amsmath 2021/10/15 v2.17l AMS math features
\@mathmargin=\skip64

For additional information on amsmath, use the `?' option.
(C:\Users\dell\AppData\Local\Programs\MiKTeX\tex/latex/amsmath\amstext.sty
Package: amstext 2021/08/26 v2.01 AMS text

(C:\Users\dell\AppData\Local\Programs\MiKTeX\tex/latex/amsmath\amsgen.sty
File: amsgen.sty 1999/11/30 v2.0 generic functions
\@emptytoks=\toks27
\ex@=\dimen157
))
(C:\Users\dell\AppData\Local\Programs\MiKTeX\tex/latex/amsmath\amsbsy.sty
Package: amsbsy 1999/11/29 v1.2d Bold Symbols
\pmbraise@=\dimen158
)
(C:\Users\dell\AppData\Local\Programs\MiKTeX\tex/latex/amsmath\amsopn.sty
Package: amsopn 2021/08/26 v2.02 operator names
)
\inf@bad=\count271
LaTeX Info: Redefining \frac on input line 234.
\uproot@=\count272
\leftroot@=\count273
LaTeX Info: Redefining \overline on input line 399.
\classnum@=\count274
\DOTSCASE@=\count275
LaTeX Info: Redefining \ldots on input line 496.
LaTeX Info: Redefining \dots on input line 499.
LaTeX Info: Redefining \cdots on input line 620.
\Mathstrutbox@=\box59
\strutbox@=\box60
\big@size=\dimen159
LaTeX Font Info:    Redeclaring font encoding OML on input line 743.
LaTeX Font Info:    Redeclaring font encoding OMS on input line 744.
\macc@depth=\count276
\c@MaxMatrixCols=\count277
\dotsspace@=\muskip16
\c@parentequation=\count278
\dspbrk@lvl=\count279
\tag@help=\toks28
\row@=\count280
\column@=\count281
\maxfields@=\count282
\andhelp@=\toks29
\eqnshift@=\dimen160
\alignsep@=\dimen161
\tagshift@=\dimen162
\tagwidth@=\dimen163
\totwidth@=\dimen164
\lineht@=\dimen165
\@envbody=\toks30
\multlinegap=\skip65
\multlinetaggap=\skip66
\mathdisplay@stack=\toks31
LaTeX Info: Redefining \[ on input line 2938.
LaTeX Info: Redefining \] on input line 2939.
)
(C:\Users\dell\AppData\Local\Programs\MiKTeX\tex/latex/hyperref\hyperref.sty
Package: hyperref 2021-06-07 v7.00m Hypertext links for LaTeX

(C:\Users\dell\AppData\Local\Programs\MiKTeX\tex/generic/ltxcmds\ltxcmds.sty
Package: ltxcmds 2020-05-10 v1.25 LaTeX kernel commands for general use (HO)
)
(C:\Users\dell\AppData\Local\Programs\MiKTeX\tex/generic/pdftexcmds\pdftexcmds.
sty
Package: pdftexcmds 2020-06-27 v0.33 Utility functions of pdfTeX for LuaTeX (HO
)

(C:\Users\dell\AppData\Local\Programs\MiKTeX\tex/generic/infwarerr\infwarerr.st
y
Package: infwarerr 2019/12/03 v1.5 Providing info/warning/error messages (HO)
)
Package pdftexcmds Info: \pdf@primitive is available.
Package pdftexcmds Info: \pdf@ifprimitive is available.
Package pdftexcmds Info: \pdfdraftmode found.
)
(C:\Users\dell\AppData\Local\Programs\MiKTeX\tex/generic/kvsetkeys\kvsetkeys.st
y
Package: kvsetkeys 2019/12/15 v1.18 Key value parser (HO)
)
(C:\Users\dell\AppData\Local\Programs\MiKTeX\tex/generic/kvdefinekeys\kvdefinek
eys.sty
Package: kvdefinekeys 2019-12-19 v1.6 Define keys (HO)
)
(C:\Users\dell\AppData\Local\Programs\MiKTeX\tex/generic/pdfescape\pdfescape.st
y
Package: pdfescape 2019/12/09 v1.15 Implements pdfTeX's escape features (HO)
) (C:\Users\dell\AppData\Local\Programs\MiKTeX\tex/latex/hycolor\hycolor.sty
Package: hycolor 2020-01-27 v1.10 Color options for hyperref/bookmark (HO)
)
(C:\Users\dell\AppData\Local\Programs\MiKTeX\tex/latex/letltxmacro\letltxmacro.
sty
Package: letltxmacro 2019/12/03 v1.6 Let assignment for LaTeX macros (HO)
) (C:\Users\dell\AppData\Local\Programs\MiKTeX\tex/latex/auxhook\auxhook.sty
Package: auxhook 2019-12-17 v1.6 Hooks for auxiliary files (HO)
)
(C:\Users\dell\AppData\Local\Programs\MiKTeX\tex/latex/kvoptions\kvoptions.sty
Package: kvoptions 2020-10-07 v3.14 Key value format for package options (HO)
)
\@linkdim=\dimen166
\Hy@linkcounter=\count283
\Hy@pagecounter=\count284
(C:\Users\dell\AppData\Local\Programs\MiKTeX\tex/latex/hyperref\pd1enc.def
File: pd1enc.def 2021-06-07 v7.00m Hyperref: PDFDocEncoding definition (HO)
Now handling font encoding PD1 ...
... no UTF-8 mapping file for font encoding PD1
)
(C:\Users\dell\AppData\Local\Programs\MiKTeX\tex/latex/hyperref\hyperref-langpa
tches.def
File: hyperref-langpatches.def 2021-06-07 v7.00m Hyperref: patches for babel la
nguages
)
(C:\Users\dell\AppData\Local\Programs\MiKTeX\tex/generic/intcalc\intcalc.sty
Package: intcalc 2019/12/15 v1.3 Expandable calculations with integers (HO)
)
(C:\Users\dell\AppData\Local\Programs\MiKTeX\tex/generic/etexcmds\etexcmds.sty
Package: etexcmds 2019/12/15 v1.7 Avoid name clashes with e-TeX commands (HO)
)
\Hy@SavedSpaceFactor=\count285
(C:\Users\dell\AppData\Local\Programs\MiKTeX\tex/latex/hyperref\puenc.def
File: puenc.def 2021-06-07 v7.00m Hyperref: PDF Unicode definition (HO)
Now handling font encoding PU ...
... no UTF-8 mapping file for font encoding PU
)
Package hyperref Info: Option `unicode' set `true' on input line 4073.
Package hyperref Info: Hyper figures OFF on input line 4192.
Package hyperref Info: Link nesting OFF on input line 4197.
Package hyperref Info: Hyper index ON on input line 4200.
Package hyperref Info: Plain pages OFF on input line 4207.
Package hyperref Info: Backreferencing OFF on input line 4212.
Package hyperref Info: Implicit mode ON; LaTeX internals redefined.
Package hyperref Info: Bookmarks ON on input line 4445.
\c@Hy@tempcnt=\count286

(C:\Users\dell\AppData\Local\Programs\MiKTeX\tex/latex/url\url.sty
\Urlmuskip=\muskip17
Package: url 2013/09/16  ver 3.4  Verb mode for urls, etc.
)
LaTeX Info: Redefining \url on input line 4804.
\XeTeXLinkMargin=\dimen167

(C:\Users\dell\AppData\Local\Programs\MiKTeX\tex/generic/bitset\bitset.sty
Package: bitset 2019/12/09 v1.3 Handle bit-vector datatype (HO)

(C:\Users\dell\AppData\Local\Programs\MiKTeX\tex/generic/bigintcalc\bigintcalc.
sty
Package: bigintcalc 2019/12/15 v1.5 Expandable calculations on big integers (HO
)
))
\Fld@menulength=\count287
\Field@Width=\dimen168
\Fld@charsize=\dimen169
Package hyperref Info: Hyper figures OFF on input line 6076.
Package hyperref Info: Link nesting OFF on input line 6081.
Package hyperref Info: Hyper index ON on input line 6084.
Package hyperref Info: backreferencing OFF on input line 6091.
Package hyperref Info: Link coloring OFF on input line 6096.
Package hyperref Info: Link coloring with OCG OFF on input line 6101.
Package hyperref Info: PDF/A mode OFF on input line 6106.
LaTeX Info: Redefining \ref on input line 6146.
LaTeX Info: Redefining \pageref on input line 6150.

(C:\Users\dell\AppData\Local\Programs\MiKTeX\tex/latex/base\atbegshi-ltx.sty
Package: atbegshi-ltx 2021/01/10 v1.0c Emulation of the original atbegshi
package with kernel methods
)
\Hy@abspage=\count288
\c@Item=\count289
\c@Hfootnote=\count290
)
Package hyperref Info: Driver (autodetected): hpdftex.

(C:\Users\dell\AppData\Local\Programs\MiKTeX\tex/latex/hyperref\hpdftex.def
File: hpdftex.def 2021-06-07 v7.00m Hyperref driver for pdfTeX

(C:\Users\dell\AppData\Local\Programs\MiKTeX\tex/latex/base\atveryend-ltx.sty
Package: atveryend-ltx 2020/08/19 v1.0a Emulation of the original atveryend pac
kage
with kernel methods
)
\Fld@listcount=\count291
\c@bookmark@seq@number=\count292

(C:\Users\dell\AppData\Local\Programs\MiKTeX\tex/latex/rerunfilecheck\rerunfile
check.sty
Package: rerunfilecheck 2019/12/05 v1.9 Rerun checks for auxiliary files (HO)

(C:\Users\dell\AppData\Local\Programs\MiKTeX\tex/generic/uniquecounter\uniqueco
unter.sty
Package: uniquecounter 2019/12/15 v1.4 Provide unlimited unique counter (HO)
)
Package uniquecounter Info: New unique counter `rerunfilecheck' on input line 2
86.
)
\Hy@SectionHShift=\skip67
)
(C:\Users\dell\AppData\Local\Programs\MiKTeX\tex/latex/algorithms\algorithm.sty
Package: algorithm 2009/08/24 v0.1 Document Style `algorithm' - floating enviro
nment
(C:\Users\dell\AppData\Local\Programs\MiKTeX\tex/latex/float\float.sty
Package: float 2001/11/08 v1.3d Float enhancements (AL)
\c@float@type=\count293
\float@exts=\toks32
\float@box=\box61
\@float@everytoks=\toks33
\@floatcapt=\box62
)
\@float@every@algorithm=\toks34
\c@algorithm=\count294
)
(C:\Users\dell\AppData\Local\Programs\MiKTeX\tex/latex/algorithmicx\algorithmic
x.sty
Package: algorithmicx 2005/04/27 v1.2 Algorithmicx

Document Style algorithmicx 1.2 - a greatly improved `algorithmic' style
\c@ALG@line=\count295
\c@ALG@rem=\count296
\c@ALG@nested=\count297
\ALG@tlm=\skip68
\ALG@thistlm=\skip69
\c@ALG@Lnr=\count298
\c@ALG@blocknr=\count299
\c@ALG@storecount=\count300
\c@ALG@tmpcounter=\count301
\ALG@tmplength=\skip70
)
(C:\Users\dell\AppData\Local\Programs\MiKTeX\tex/latex/algorithmicx\algpseudoco
de.sty
Package: algpseudocode 

Document Style - pseudocode environments for use with the `algorithmicx' style
) (C:\Users\dell\AppData\Local\Programs\MiKTeX\tex/latex/amsmath\amsxtra.sty
Package: amsxtra 1999/11/15 v1.2c AMS extra commands
LaTeX Info: Redefining \nobreakspace on input line 54.
)
(C:\Users\dell\AppData\Local\Programs\MiKTeX\tex/latex/amsfonts\amssymb.sty
Package: amssymb 2013/01/14 v3.01 AMS font symbols
)
(C:\Users\dell\AppData\Local\Programs\MiKTeX\tex/latex/base\latexsym.sty
Package: latexsym 1998/08/17 v2.2e Standard LaTeX package (lasy symbols)
\symlasy=\mathgroup7
LaTeX Font Info:    Overwriting symbol font `lasy' in version `bold'
(Font)                  U/lasy/m/n --> U/lasy/b/n on input line 52.
)
(C:\Users\dell\AppData\Local\Programs\MiKTeX\tex/latex/amsmath\amscd.sty
Package: amscd 2017/04/14 v2.1 AMS Commutative Diagrams
\athelp@=\toks35
\minaw@=\dimen170
\bigaw@=\dimen171
\minCDarrowwidth=\dimen172
)
(C:\Users\dell\AppData\Local\Programs\MiKTeX\tex/latex/amscls\amsthm.sty
Package: amsthm 2020/05/29 v2.20.6
\thm@style=\toks36
\thm@bodyfont=\toks37
\thm@headfont=\toks38
\thm@notefont=\toks39
\thm@headpunct=\toks40
\thm@preskip=\skip71
\thm@postskip=\skip72
\thm@headsep=\skip73
\dth@everypar=\toks41
)
(C:\Users\dell\AppData\Local\Programs\MiKTeX\tex/latex/enumitem\enumitem.sty
Package: enumitem 2019/06/20 v3.9 Customized lists
\labelindent=\skip74
\enit@outerparindent=\dimen173
\enit@toks=\toks42
\enit@inbox=\box63
\enit@count@id=\count302
\enitdp@description=\count303
)
(C:\Users\dell\AppData\Local\Programs\MiKTeX\tex/latex/pgf/frontendlayer\tikz.s
ty
(C:\Users\dell\AppData\Local\Programs\MiKTeX\tex/latex/pgf/basiclayer\pgf.sty
(C:\Users\dell\AppData\Local\Programs\MiKTeX\tex/latex/pgf/utilities\pgfrcs.sty

(C:\Users\dell\AppData\Local\Programs\MiKTeX\tex/generic/pgf/utilities\pgfutil-
common.tex
\pgfutil@everybye=\toks43
\pgfutil@tempdima=\dimen174
\pgfutil@tempdimb=\dimen175

(C:\Users\dell\AppData\Local\Programs\MiKTeX\tex/generic/pgf/utilities\pgfutil-
common-lists.tex))
(C:\Users\dell\AppData\Local\Programs\MiKTeX\tex/generic/pgf/utilities\pgfutil-
latex.def
\pgfutil@abb=\box64
)
(C:\Users\dell\AppData\Local\Programs\MiKTeX\tex/generic/pgf/utilities\pgfrcs.c
ode.tex
(C:\Users\dell\AppData\Local\Programs\MiKTeX\tex/generic/pgf\pgf.revision.tex)
Package: pgfrcs 2021/05/15 v3.1.9a (3.1.9a)
))
Package: pgf 2021/05/15 v3.1.9a (3.1.9a)

(C:\Users\dell\AppData\Local\Programs\MiKTeX\tex/latex/pgf/basiclayer\pgfcore.s
ty
(C:\Users\dell\AppData\Local\Programs\MiKTeX\tex/latex/pgf/systemlayer\pgfsys.s
ty
(C:\Users\dell\AppData\Local\Programs\MiKTeX\tex/generic/pgf/systemlayer\pgfsys
.code.tex
Package: pgfsys 2021/05/15 v3.1.9a (3.1.9a)

(C:\Users\dell\AppData\Local\Programs\MiKTeX\tex/generic/pgf/utilities\pgfkeys.
code.tex
\pgfkeys@pathtoks=\toks44
\pgfkeys@temptoks=\toks45

(C:\Users\dell\AppData\Local\Programs\MiKTeX\tex/generic/pgf/utilities\pgfkeysf
iltered.code.tex
\pgfkeys@tmptoks=\toks46
))
\pgf@x=\dimen176
\pgf@y=\dimen177
\pgf@xa=\dimen178
\pgf@ya=\dimen179
\pgf@xb=\dimen180
\pgf@yb=\dimen181
\pgf@xc=\dimen182
\pgf@yc=\dimen183
\pgf@xd=\dimen184
\pgf@yd=\dimen185
\w@pgf@writea=\write4
\r@pgf@reada=\read3
\c@pgf@counta=\count304
\c@pgf@countb=\count305
\c@pgf@countc=\count306
\c@pgf@countd=\count307
\t@pgf@toka=\toks47
\t@pgf@tokb=\toks48
\t@pgf@tokc=\toks49
\pgf@sys@id@count=\count308

(C:\Users\dell\AppData\Local\Programs\MiKTeX\tex/generic/pgf/systemlayer\pgf.cf
g
File: pgf.cfg 2021/05/15 v3.1.9a (3.1.9a)
)
Driver file for pgf: pgfsys-pdftex.def

(C:\Users\dell\AppData\Local\Programs\MiKTeX\tex/generic/pgf/systemlayer\pgfsys
-pdftex.def
File: pgfsys-pdftex.def 2021/05/15 v3.1.9a (3.1.9a)

(C:\Users\dell\AppData\Local\Programs\MiKTeX\tex/generic/pgf/systemlayer\pgfsys
-common-pdf.def
File: pgfsys-common-pdf.def 2021/05/15 v3.1.9a (3.1.9a)
)))
(C:\Users\dell\AppData\Local\Programs\MiKTeX\tex/generic/pgf/systemlayer\pgfsys
softpath.code.tex
File: pgfsyssoftpath.code.tex 2021/05/15 v3.1.9a (3.1.9a)
\pgfsyssoftpath@smallbuffer@items=\count309
\pgfsyssoftpath@bigbuffer@items=\count310
)
(C:\Users\dell\AppData\Local\Programs\MiKTeX\tex/generic/pgf/systemlayer\pgfsys
protocol.code.tex
File: pgfsysprotocol.code.tex 2021/05/15 v3.1.9a (3.1.9a)
))
(C:\Users\dell\AppData\Local\Programs\MiKTeX\tex/latex/xcolor\xcolor.sty
Package: xcolor 2021/10/31 v2.13 LaTeX color extensions (UK)

(C:\Users\dell\AppData\Local\Programs\MiKTeX\tex/latex/graphics-cfg\color.cfg
File: color.cfg 2016/01/02 v1.6 sample color configuration
)
Package xcolor Info: Driver file: pdftex.def on input line 227.
Package xcolor Info: Model `cmy' substituted by `cmy0' on input line 1352.
Package xcolor Info: Model `hsb' substituted by `rgb' on input line 1356.
Package xcolor Info: Model `RGB' extended on input line 1368.
Package xcolor Info: Model `HTML' substituted by `rgb' on input line 1370.
Package xcolor Info: Model `Hsb' substituted by `hsb' on input line 1371.
Package xcolor Info: Model `tHsb' substituted by `hsb' on input line 1372.
Package xcolor Info: Model `HSB' substituted by `hsb' on input line 1373.
Package xcolor Info: Model `Gray' substituted by `gray' on input line 1374.
Package xcolor Info: Model `wave' substituted by `hsb' on input line 1375.
)
(C:\Users\dell\AppData\Local\Programs\MiKTeX\tex/generic/pgf/basiclayer\pgfcore
.code.tex
Package: pgfcore 2021/05/15 v3.1.9a (3.1.9a)

(C:\Users\dell\AppData\Local\Programs\MiKTeX\tex/generic/pgf/math\pgfmath.code.
tex
(C:\Users\dell\AppData\Local\Programs\MiKTeX\tex/generic/pgf/math\pgfmathcalc.c
ode.tex
(C:\Users\dell\AppData\Local\Programs\MiKTeX\tex/generic/pgf/math\pgfmathutil.c
ode.tex)
(C:\Users\dell\AppData\Local\Programs\MiKTeX\tex/generic/pgf/math\pgfmathparser
.code.tex
\pgfmath@dimen=\dimen186
\pgfmath@count=\count311
\pgfmath@box=\box65
\pgfmath@toks=\toks50
\pgfmath@stack@operand=\toks51
\pgfmath@stack@operation=\toks52
)
(C:\Users\dell\AppData\Local\Programs\MiKTeX\tex/generic/pgf/math\pgfmathfuncti
ons.code.tex
(C:\Users\dell\AppData\Local\Programs\MiKTeX\tex/generic/pgf/math\pgfmathfuncti
ons.basic.code.tex)
(C:\Users\dell\AppData\Local\Programs\MiKTeX\tex/generic/pgf/math\pgfmathfuncti
ons.trigonometric.code.tex)
(C:\Users\dell\AppData\Local\Programs\MiKTeX\tex/generic/pgf/math\pgfmathfuncti
ons.random.code.tex)
(C:\Users\dell\AppData\Local\Programs\MiKTeX\tex/generic/pgf/math\pgfmathfuncti
ons.comparison.code.tex)
(C:\Users\dell\AppData\Local\Programs\MiKTeX\tex/generic/pgf/math\pgfmathfuncti
ons.base.code.tex)
(C:\Users\dell\AppData\Local\Programs\MiKTeX\tex/generic/pgf/math\pgfmathfuncti
ons.round.code.tex)
(C:\Users\dell\AppData\Local\Programs\MiKTeX\tex/generic/pgf/math\pgfmathfuncti
ons.misc.code.tex)
(C:\Users\dell\AppData\Local\Programs\MiKTeX\tex/generic/pgf/math\pgfmathfuncti
ons.integerarithmetics.code.tex)))
(C:\Users\dell\AppData\Local\Programs\MiKTeX\tex/generic/pgf/math\pgfmathfloat.
code.tex
\c@pgfmathroundto@lastzeros=\count312
))
(C:\Users\dell\AppData\Local\Programs\MiKTeX\tex/generic/pgf/math\pgfint.code.t
ex)
(C:\Users\dell\AppData\Local\Programs\MiKTeX\tex/generic/pgf/basiclayer\pgfcore
points.code.tex
File: pgfcorepoints.code.tex 2021/05/15 v3.1.9a (3.1.9a)
\pgf@picminx=\dimen187
\pgf@picmaxx=\dimen188
\pgf@picminy=\dimen189
\pgf@picmaxy=\dimen190
\pgf@pathminx=\dimen191
\pgf@pathmaxx=\dimen192
\pgf@pathminy=\dimen193
\pgf@pathmaxy=\dimen194
\pgf@xx=\dimen195
\pgf@xy=\dimen196
\pgf@yx=\dimen197
\pgf@yy=\dimen198
\pgf@zx=\dimen199
\pgf@zy=\dimen256
)
(C:\Users\dell\AppData\Local\Programs\MiKTeX\tex/generic/pgf/basiclayer\pgfcore
pathconstruct.code.tex
File: pgfcorepathconstruct.code.tex 2021/05/15 v3.1.9a (3.1.9a)
\pgf@path@lastx=\dimen257
\pgf@path@lasty=\dimen258
)
(C:\Users\dell\AppData\Local\Programs\MiKTeX\tex/generic/pgf/basiclayer\pgfcore
pathusage.code.tex
File: pgfcorepathusage.code.tex 2021/05/15 v3.1.9a (3.1.9a)
\pgf@shorten@end@additional=\dimen259
\pgf@shorten@start@additional=\dimen260
)
(C:\Users\dell\AppData\Local\Programs\MiKTeX\tex/generic/pgf/basiclayer\pgfcore
scopes.code.tex
File: pgfcorescopes.code.tex 2021/05/15 v3.1.9a (3.1.9a)
\pgfpic=\box66
\pgf@hbox=\box67
\pgf@layerbox@main=\box68
\pgf@picture@serial@count=\count313
)
(C:\Users\dell\AppData\Local\Programs\MiKTeX\tex/generic/pgf/basiclayer\pgfcore
graphicstate.code.tex
File: pgfcoregraphicstate.code.tex 2021/05/15 v3.1.9a (3.1.9a)
\pgflinewidth=\dimen261
)
(C:\Users\dell\AppData\Local\Programs\MiKTeX\tex/generic/pgf/basiclayer\pgfcore
transformations.code.tex
File: pgfcoretransformations.code.tex 2021/05/15 v3.1.9a (3.1.9a)
\pgf@pt@x=\dimen262
\pgf@pt@y=\dimen263
\pgf@pt@temp=\dimen264
)
(C:\Users\dell\AppData\Local\Programs\MiKTeX\tex/generic/pgf/basiclayer\pgfcore
quick.code.tex
File: pgfcorequick.code.tex 2021/05/15 v3.1.9a (3.1.9a)
)
(C:\Users\dell\AppData\Local\Programs\MiKTeX\tex/generic/pgf/basiclayer\pgfcore
objects.code.tex
File: pgfcoreobjects.code.tex 2021/05/15 v3.1.9a (3.1.9a)
)
(C:\Users\dell\AppData\Local\Programs\MiKTeX\tex/generic/pgf/basiclayer\pgfcore
pathprocessing.code.tex
File: pgfcorepathprocessing.code.tex 2021/05/15 v3.1.9a (3.1.9a)
)
(C:\Users\dell\AppData\Local\Programs\MiKTeX\tex/generic/pgf/basiclayer\pgfcore
arrows.code.tex
File: pgfcorearrows.code.tex 2021/05/15 v3.1.9a (3.1.9a)
\pgfarrowsep=\dimen265
)
(C:\Users\dell\AppData\Local\Programs\MiKTeX\tex/generic/pgf/basiclayer\pgfcore
shade.code.tex
File: pgfcoreshade.code.tex 2021/05/15 v3.1.9a (3.1.9a)
\pgf@max=\dimen266
\pgf@sys@shading@range@num=\count314
\pgf@shadingcount=\count315
)
(C:\Users\dell\AppData\Local\Programs\MiKTeX\tex/generic/pgf/basiclayer\pgfcore
image.code.tex
File: pgfcoreimage.code.tex 2021/05/15 v3.1.9a (3.1.9a)

(C:\Users\dell\AppData\Local\Programs\MiKTeX\tex/generic/pgf/basiclayer\pgfcore
external.code.tex
File: pgfcoreexternal.code.tex 2021/05/15 v3.1.9a (3.1.9a)
\pgfexternal@startupbox=\box69
))
(C:\Users\dell\AppData\Local\Programs\MiKTeX\tex/generic/pgf/basiclayer\pgfcore
layers.code.tex
File: pgfcorelayers.code.tex 2021/05/15 v3.1.9a (3.1.9a)
)
(C:\Users\dell\AppData\Local\Programs\MiKTeX\tex/generic/pgf/basiclayer\pgfcore
transparency.code.tex
File: pgfcoretransparency.code.tex 2021/05/15 v3.1.9a (3.1.9a)
)
(C:\Users\dell\AppData\Local\Programs\MiKTeX\tex/generic/pgf/basiclayer\pgfcore
patterns.code.tex
File: pgfcorepatterns.code.tex 2021/05/15 v3.1.9a (3.1.9a)
)
(C:\Users\dell\AppData\Local\Programs\MiKTeX\tex/generic/pgf/basiclayer\pgfcore
rdf.code.tex
File: pgfcorerdf.code.tex 2021/05/15 v3.1.9a (3.1.9a)
)))
(C:\Users\dell\AppData\Local\Programs\MiKTeX\tex/generic/pgf/modules\pgfmodules
hapes.code.tex
File: pgfmoduleshapes.code.tex 2021/05/15 v3.1.9a (3.1.9a)
\pgfnodeparttextbox=\box70
)
(C:\Users\dell\AppData\Local\Programs\MiKTeX\tex/generic/pgf/modules\pgfmodulep
lot.code.tex
File: pgfmoduleplot.code.tex 2021/05/15 v3.1.9a (3.1.9a)
)
(C:\Users\dell\AppData\Local\Programs\MiKTeX\tex/latex/pgf/compatibility\pgfcom
p-version-0-65.sty
Package: pgfcomp-version-0-65 2021/05/15 v3.1.9a (3.1.9a)
\pgf@nodesepstart=\dimen267
\pgf@nodesepend=\dimen268
)
(C:\Users\dell\AppData\Local\Programs\MiKTeX\tex/latex/pgf/compatibility\pgfcom
p-version-1-18.sty
Package: pgfcomp-version-1-18 2021/05/15 v3.1.9a (3.1.9a)
))
(C:\Users\dell\AppData\Local\Programs\MiKTeX\tex/latex/pgf/utilities\pgffor.sty

(C:\Users\dell\AppData\Local\Programs\MiKTeX\tex/latex/pgf/utilities\pgfkeys.st
y
(C:\Users\dell\AppData\Local\Programs\MiKTeX\tex/generic/pgf/utilities\pgfkeys.
code.tex))
(C:\Users\dell\AppData\Local\Programs\MiKTeX\tex/latex/pgf/math\pgfmath.sty
(C:\Users\dell\AppData\Local\Programs\MiKTeX\tex/generic/pgf/math\pgfmath.code.
tex))
(C:\Users\dell\AppData\Local\Programs\MiKTeX\tex/generic/pgf/utilities\pgffor.c
ode.tex
Package: pgffor 2021/05/15 v3.1.9a (3.1.9a)

(C:\Users\dell\AppData\Local\Programs\MiKTeX\tex/generic/pgf/math\pgfmath.code.
tex)
\pgffor@iter=\dimen269
\pgffor@skip=\dimen270
\pgffor@stack=\toks53
\pgffor@toks=\toks54
))
(C:\Users\dell\AppData\Local\Programs\MiKTeX\tex/generic/pgf/frontendlayer/tikz
\tikz.code.tex
Package: tikz 2021/05/15 v3.1.9a (3.1.9a)

(C:\Users\dell\AppData\Local\Programs\MiKTeX\tex/generic/pgf/libraries\pgflibra
ryplothandlers.code.tex
File: pgflibraryplothandlers.code.tex 2021/05/15 v3.1.9a (3.1.9a)
\pgf@plot@mark@count=\count316
\pgfplotmarksize=\dimen271
)
\tikz@lastx=\dimen272
\tikz@lasty=\dimen273
\tikz@lastxsaved=\dimen274
\tikz@lastysaved=\dimen275
\tikz@lastmovetox=\dimen276
\tikz@lastmovetoy=\dimen277
\tikzleveldistance=\dimen278
\tikzsiblingdistance=\dimen279
\tikz@figbox=\box71
\tikz@figbox@bg=\box72
\tikz@tempbox=\box73
\tikz@tempbox@bg=\box74
\tikztreelevel=\count317
\tikznumberofchildren=\count318
\tikznumberofcurrentchild=\count319
\tikz@fig@count=\count320

(C:\Users\dell\AppData\Local\Programs\MiKTeX\tex/generic/pgf/modules\pgfmodulem
atrix.code.tex
File: pgfmodulematrix.code.tex 2021/05/15 v3.1.9a (3.1.9a)
\pgfmatrixcurrentrow=\count321
\pgfmatrixcurrentcolumn=\count322
\pgf@matrix@numberofcolumns=\count323
)
\tikz@expandcount=\count324

(C:\Users\dell\AppData\Local\Programs\MiKTeX\tex/generic/pgf/frontendlayer/tikz
/libraries\tikzlibrarytopaths.code.tex
File: tikzlibrarytopaths.code.tex 2021/05/15 v3.1.9a (3.1.9a)
)))
(C:\Users\dell\AppData\Local\Programs\MiKTeX\tex/generic/pgf/frontendlayer/tikz
/libraries\tikzlibraryshapes.geometric.code.tex
File: tikzlibraryshapes.geometric.code.tex 2021/05/15 v3.1.9a (3.1.9a)

(C:\Users\dell\AppData\Local\Programs\MiKTeX\tex/generic/pgf/libraries/shapes\p
gflibraryshapes.geometric.code.tex
File: pgflibraryshapes.geometric.code.tex 2021/05/15 v3.1.9a (3.1.9a)
))
(C:\Users\dell\AppData\Local\Programs\MiKTeX\tex/generic/pgf/frontendlayer/tikz
/libraries\tikzlibrarypositioning.code.tex
File: tikzlibrarypositioning.code.tex 2021/05/15 v3.1.9a (3.1.9a)
)
(C:\Users\dell\AppData\Local\Programs\MiKTeX\tex/generic/pgf/frontendlayer/tikz
/libraries\tikzlibraryautomata.code.tex
File: tikzlibraryautomata.code.tex 2021/05/15 v3.1.9a (3.1.9a)

(C:\Users\dell\AppData\Local\Programs\MiKTeX\tex/generic/pgf/frontendlayer/tikz
/libraries\tikzlibraryshapes.multipart.code.tex
File: tikzlibraryshapes.multipart.code.tex 2021/05/15 v3.1.9a (3.1.9a)

(C:\Users\dell\AppData\Local\Programs\MiKTeX\tex/generic/pgf/libraries/shapes\p
gflibraryshapes.multipart.code.tex
File: pgflibraryshapes.multipart.code.tex 2021/05/15 v3.1.9a (3.1.9a)
\pgfnodepartlowerbox=\box75
\pgfnodeparttwobox=\box76
\pgfnodepartthreebox=\box77
\pgfnodepartfourbox=\box78
\pgfnodeparttwentybox=\box79
\pgfnodepartnineteenbox=\box80
\pgfnodeparteighteenbox=\box81
\pgfnodepartseventeenbox=\box82
\pgfnodepartsixteenbox=\box83
\pgfnodepartfifteenbox=\box84
\pgfnodepartfourteenbox=\box85
\pgfnodepartthirteenbox=\box86
\pgfnodeparttwelvebox=\box87
\pgfnodepartelevenbox=\box88
\pgfnodeparttenbox=\box89
\pgfnodepartninebox=\box90
\pgfnodeparteightbox=\box91
\pgfnodepartsevenbox=\box92
\pgfnodepartsixbox=\box93
\pgfnodepartfivebox=\box94
)))
(C:\Users\dell\AppData\Local\Programs\MiKTeX\tex/latex/koma-script\scrextend.st
y
Package: scrextend 2021/11/13 v3.35 KOMA-Script package (extend other classes w
ith features of KOMA-Script classes)

(C:\Users\dell\AppData\Local\Programs\MiKTeX\tex/latex/koma-script\scrkbase.sty
Package: scrkbase 2021/11/13 v3.35 KOMA-Script package (KOMA-Script-dependent b
asics and keyval usage)
(C:\Users\dell\AppData\Local\Programs\MiKTeX\tex/latex/koma-script\scrbase.sty
Package: scrbase 2021/11/13 v3.35 KOMA-Script package (KOMA-Script-independent 
basics and keyval usage)

(C:\Users\dell\AppData\Local\Programs\MiKTeX\tex/latex/koma-script\scrlfile.sty
Package: scrlfile 2021/11/13 v3.35 KOMA-Script package (file load hooks)

(C:\Users\dell\AppData\Local\Programs\MiKTeX\tex/latex/koma-script\scrlfile-hoo
k.sty
Package: scrlfile-hook 2021/11/13 v3.35 KOMA-Script package (using LaTeX hooks)


(C:\Users\dell\AppData\Local\Programs\MiKTeX\tex/latex/koma-script\scrlogo.sty
Package: scrlogo 2021/11/13 v3.35 KOMA-Script package (logo)
)))
Applying: [2021/05/01] Usage of raw or classic option list on input line 252.
Already applied: [0000/00/00] Usage of raw or classic option list on input line
 368.
))

LaTeX Warning: Command \@footnotemark  has changed.
               Check if current package is valid.

) (C:\Users\dell\AppData\Local\Programs\MiKTeX\tex/latex/longfbox\longfbox.sty
Package: longfbox 2015/12/01, Daan Leijen, Provides long fbox that can break ov
er pages

(C:\Users\dell\AppData\Local\Programs\MiKTeX\tex/latex/options\options.sty
Package: options 2015/03/01, Daan Leijen, Provides convenient path-value (or ke
y-value) options

(C:\Users\dell\AppData\Local\Programs\MiKTeX\tex/latex/etoolbox\etoolbox.sty
Package: etoolbox 2020/10/05 v2.5k e-TeX tools for LaTeX (JAW)
\etb@tempcnta=\count325
)
\opt@nesting=\count326
\opt@idx=\count327
\opt@choiceord=\count328
)
(C:\Users\dell\AppData\Local\Programs\MiKTeX\tex/latex/longfbox\longbox.sty
Package: longbox 2015/12/01, Daan Leijen, Provides basic longbox that can break
 over pages

(C:\Users\dell\AppData\Local\Programs\MiKTeX\tex/latex/mdwtools\footnote.sty
Package: footnote 1997/01/28 1.13 Save footnotes around boxes
\fn@notes=\box95
\fn@width=\dimen280
)
\lb@prevdepth=\skip75
\lb@freevspace=\skip76
\lb@headbox=\box96
\lb@savebox=\box97
\lb@mainbox=\box98
\lb@usevbox=\count329
\lb@width=\skip77
\lb@height=\skip78
\lb@skiptop=\skip79
\lb@skipright=\skip80
\lb@skipbottom=\skip81
\lb@skipleft=\skip82
\lb@skipbreaktop=\skip83
\lb@skipbreakbottom=\skip84
\lb@outerwidth=\skip85
\lb@extrasplit=\skip86
\lb@textalign=\count330
\lb@baseline=\count331
\lb@neededvspace=\skip87
\lb@splitheight=\skip88
\lb@insurance=\skip89
\/longbox/@part-height=\skip90
\/longbox/@part-width=\skip91
\/longbox/@part-depth=\skip92
\/longbox/@content-box-height=\skip93
\/longbox/@content-box-width=\skip94
\/longbox/@content-box-depth=\skip95
\/longbox/@breakat-previous=\skip96
\/longbox/@lower=\skip97
\/longbox/split-minimum=\skip98
\/longbox/split-badness=\skip99
\/longbox/raise=\skip100
\/longbox/height=\skip101
\/longbox/width=\skip102
\/longbox/outer-height=\skip103
\/longbox/outer-width=\skip104
\/longbox/skip-top=\skip105
\/longbox/skip-right=\skip106
\/longbox/skip-bottom=\skip107
\/longbox/skip-left=\skip108
\/longbox/skip-break-bottom=\skip109
\/longbox/skip-break-top=\skip110
)
(C:\Users\dell\AppData\Local\Programs\MiKTeX\tex/latex/pict2e\pict2e.sty
Package: pict2e 2020/09/30 v0.4b Improved picture commands (HjG,RN,JT)

(C:\Users\dell\AppData\Local\Programs\MiKTeX\tex/latex/pict2e\pict2e.cfg
File: pict2e.cfg 2016/02/05 v0.1u pict2e configuration for teTeX/TeXLive
)
Package pict2e Info: Driver file: pdftex.def on input line 112.
Package pict2e Info: Driver file for pict2e: p2e-pdftex.def on input line 114.

(C:\Users\dell\AppData\Local\Programs\MiKTeX\tex/latex/pict2e\p2e-pdftex.def
File: p2e-pdftex.def 2016/02/05 v0.1u Driver-dependant file (RN,HjG,JT)
)
\pIIe@GRAPH=\toks55
\@arclen=\dimen281
\@arcrad=\dimen282
\pIIe@tempdima=\dimen283
\pIIe@tempdimb=\dimen284
\pIIe@tempdimc=\dimen285
\pIIe@tempdimd=\dimen286
\pIIe@tempdime=\dimen287
\pIIe@tempdimf=\dimen288
)
(C:\Users\dell\AppData\Local\Programs\MiKTeX\tex/latex/ellipse\ellipse.sty
Package: ellipse 2004/11/05 v1.0 .dtx ellipse file
)
\fbox@oct=\count332
\fbox@quad=\count333
\fbox@diaq=\count334
\fbox@sign=\count335
\fbox@anglestart=\skip111
\fbox@angleend=\skip112
\fbox@dash=\skip113
\fbox@dashskip=\skip114
\fbox@anglecur=\skip115
\fbox@dashangle=\skip116
\fbox@dashskipangle=\skip117
\fbox@delta=\skip118
\fbox@from=\skip119
\fbox@to=\skip120
\/fbox/padding-top=\skip121
\/fbox/padding-right=\skip122
\/fbox/padding-bottom=\skip123
\/fbox/padding-left=\skip124
\/fbox/padding-break-top=\skip125
\/fbox/padding-break-bottom=\skip126
\/fbox/margin-top=\skip127
\/fbox/margin-right=\skip128
\/fbox/margin-bottom=\skip129
\/fbox/margin-left=\skip130
\/fbox/margin-break-top=\skip131
\/fbox/margin-break-bottom=\skip132
\/fbox/border-top-width=\skip133
\/fbox/border-right-width=\skip134
\/fbox/border-bottom-width=\skip135
\/fbox/border-left-width=\skip136
\/fbox/border-break-top-width=\skip137
\/fbox/border-break-bottom-width=\skip138
\/fbox/@lower=\skip139
\/fbox/@padding-box-height=\skip140
\/fbox/@padding-box-depth=\skip141
\/fbox/@padding-box-width=\skip142
\/fbox/@border-box-width=\skip143
\/fbox/@border-box-height=\skip144
\/fbox/@border-box-depth=\skip145
\/fbox/@border-top-left-radius-x=\skip146
\/fbox/@border-top-right-radius-x=\skip147
\/fbox/@border-bottom-left-radius-x=\skip148
\/fbox/@border-bottom-right-radius-x=\skip149
\/fbox/@border-top-left-radius-y=\skip150
\/fbox/@border-top-right-radius-y=\skip151
\/fbox/@border-bottom-left-radius-y=\skip152
\/fbox/@border-bottom-right-radius-y=\skip153
\/fbox/@border-top-left-ix=\skip154
\/fbox/@border-top-left-iy=\skip155
\/fbox/@border-top-right-ix=\skip156
\/fbox/@border-top-right-iy=\skip157
\/fbox/@border-bottom-left-ix=\skip158
\/fbox/@border-bottom-left-iy=\skip159
\/fbox/@border-bottom-right-ix=\skip160
\/fbox/@border-bottom-right-iy=\skip161
\/fbox/@border-top-left-phi=\skip162
\/fbox/@border-top-right-phi=\skip163
\/fbox/@border-bottom-left-phi=\skip164
\/fbox/@border-bottom-right-phi=\skip165
)
(C:\Users\dell\AppData\Local\Programs\MiKTeX\tex/latex/tools\indentfirst.sty
Package: indentfirst 1995/11/23 v1.03 Indent first paragraph (DPC)
)
\c@pro=\count336

(C:\Users\dell\AppData\Local\Programs\MiKTeX\tex/latex/fancyhdr\fancyhdr.sty
Package: fancyhdr 2021/01/28 v4.0.1 Extensive control of page headers and foote
rs
\f@nch@headwidth=\skip166
\f@nch@O@elh=\skip167
\f@nch@O@erh=\skip168
\f@nch@O@olh=\skip169
\f@nch@O@orh=\skip170
\f@nch@O@elf=\skip171
\f@nch@O@erf=\skip172
\f@nch@O@olf=\skip173
\f@nch@O@orf=\skip174
)
(C:\Users\dell\AppData\Local\Programs\MiKTeX\tex/latex/tools\multicol.sty
Package: multicol 2021/10/28 v1.9b multicolumn formatting (FMi)
\c@tracingmulticols=\count337
\mult@box=\box99
\multicol@leftmargin=\dimen289
\c@unbalance=\count338
\c@collectmore=\count339
\doublecol@number=\count340
\multicoltolerance=\count341
\multicolpretolerance=\count342
\full@width=\dimen290
\page@free=\dimen291
\premulticols=\dimen292
\postmulticols=\dimen293
\multicolsep=\skip175
\multicolbaselineskip=\skip176
\partial@page=\box100
\last@line=\box101
\maxbalancingoverflow=\dimen294
\mult@rightbox=\box102
\mult@grightbox=\box103
\mult@firstbox=\box104
\mult@gfirstbox=\box105
\@tempa=\box106
\@tempa=\box107
\@tempa=\box108
\@tempa=\box109
\@tempa=\box110
\@tempa=\box111
\@tempa=\box112
\@tempa=\box113
\@tempa=\box114
\@tempa=\box115
\@tempa=\box116
\@tempa=\box117
\@tempa=\box118
\@tempa=\box119
\@tempa=\box120
\@tempa=\box121
\@tempa=\box122
\@tempa=\box123
\@tempa=\box124
\@tempa=\box125
\@tempa=\box126
\@tempa=\box127
\@tempa=\box128
\@tempa=\box129
\@tempa=\box130
\@tempa=\box131
\@tempa=\box132
\@tempa=\box133
\@tempa=\box134
\@tempa=\box135
\@tempa=\box136
\@tempa=\box137
\@tempa=\box138
\@tempa=\box139
\@tempa=\box140
\@tempa=\box141
\c@minrows=\count343
\c@columnbadness=\count344
\c@finalcolumnbadness=\count345
\last@try=\dimen295
\multicolovershoot=\dimen296
\multicolundershoot=\dimen297
\mult@nat@firstbox=\box142
\colbreak@box=\box143
\mc@col@check@num=\count346
)
(C:\Users\dell\AppData\Local\Programs\MiKTeX\tex/latex/listings\listings.sty
\lst@mode=\count347
\lst@gtempboxa=\box144
\lst@token=\toks56
\lst@length=\count348
\lst@currlwidth=\dimen298
\lst@column=\count349
\lst@pos=\count350
\lst@lostspace=\dimen299
\lst@width=\dimen300
\lst@newlines=\count351
\lst@lineno=\count352
\lst@maxwidth=\dimen301

(C:\Users\dell\AppData\Local\Programs\MiKTeX\tex/latex/listings\lstmisc.sty
File: lstmisc.sty 2020/03/24 1.8d (Carsten Heinz)
\c@lstnumber=\count353
\lst@skipnumbers=\count354
\lst@framebox=\box145
)
(C:\Users\dell\AppData\Local\Programs\MiKTeX\tex/latex/listings\listings.cfg
File: listings.cfg 2020/03/24 1.8d listings configuration
))
Package: listings 2020/03/24 1.8d (Carsten Heinz)

(C:\Users\dell\AppData\Local\Programs\MiKTeX\tex/latex/wrapfig\wrapfig.sty
\wrapoverhang=\dimen302
\WF@size=\dimen303
\c@WF@wrappedlines=\count355
\WF@box=\box146
\WF@everypar=\toks57
Package: wrapfig 2003/01/31  v 3.6
)
(C:\Users\dell\AppData\Local\Programs\MiKTeX\tex/latex/l3backend\l3backend-pdft
ex.def
File: l3backend-pdftex.def 2021-10-18 L3 backend support: PDF output (pdfTeX)
\l__color_backend_stack_int=\count356
\l__pdf_internal_box=\box147
) (main.aux)
\openout1 = `main.aux'.

LaTeX Font Info:    Checking defaults for OML/cmm/m/it on input line 82.
LaTeX Font Info:    ... okay on input line 82.
LaTeX Font Info:    Checking defaults for OMS/cmsy/m/n on input line 82.
LaTeX Font Info:    ... okay on input line 82.
LaTeX Font Info:    Checking defaults for OT1/cmr/m/n on input line 82.
LaTeX Font Info:    ... okay on input line 82.
LaTeX Font Info:    Checking defaults for T1/cmr/m/n on input line 82.
LaTeX Font Info:    ... okay on input line 82.
LaTeX Font Info:    Checking defaults for TS1/cmr/m/n on input line 82.
LaTeX Font Info:    ... okay on input line 82.
LaTeX Font Info:    Checking defaults for OMX/cmex/m/n on input line 82.
LaTeX Font Info:    ... okay on input line 82.
LaTeX Font Info:    Checking defaults for U/cmr/m/n on input line 82.
LaTeX Font Info:    ... okay on input line 82.
LaTeX Font Info:    Checking defaults for T5/cmr/m/n on input line 82.
LaTeX Font Info:    ... okay on input line 82.
LaTeX Font Info:    Checking defaults for PD1/pdf/m/n on input line 82.
LaTeX Font Info:    ... okay on input line 82.
LaTeX Font Info:    Checking defaults for PU/pdf/m/n on input line 82.
LaTeX Font Info:    ... okay on input line 82.

*geometry* driver: auto-detecting
*geometry* detected driver: pdftex
*geometry* verbose mode - [ preamble ] result:
* driver: pdftex
* paper: <default>
* layout: <same size as paper>
* layoutoffset:(h,v)=(0.0pt,0.0pt)
* modes: 
* h-part:(L,W,R)=(56.9055pt, 500.484pt, 56.9055pt)
* v-part:(T,H,B)=(99.58464pt, 610.02708pt, 85.35826pt)
* \paperwidth=614.295pt
* \paperheight=794.96999pt
* \textwidth=500.484pt
* \textheight=610.02708pt
* \oddsidemargin=-15.36449pt
* \evensidemargin=-15.36449pt
* \topmargin=-9.68535pt
* \headheight=12.0pt
* \headsep=25.0pt
* \topskip=12.0pt
* \footskip=30.0pt
* \marginparwidth=44.0pt
* \marginparsep=10.0pt
* \columnsep=28.45274pt
* \skip\footins=10.8pt plus 4.0pt minus 2.0pt
* \hoffset=0.0pt
* \voffset=0.0pt
* \mag=1000
* \@twocolumnfalse
* \@twosidefalse
* \@mparswitchfalse
* \@reversemarginfalse
* (1in=72.27pt=25.4mm, 1cm=28.453pt)


(C:\Users\dell\AppData\Local\Programs\MiKTeX\tex/context/base/mkii\supp-pdf.mki
i
[Loading MPS to PDF converter (version 2006.09.02).]
\scratchcounter=\count357
\scratchdimen=\dimen304
\scratchbox=\box148
\nofMPsegments=\count358
\nofMParguments=\count359
\everyMPshowfont=\toks58
\MPscratchCnt=\count360
\MPscratchDim=\dimen305
\MPnumerator=\count361
\makeMPintoPDFobject=\count362
\everyMPtoPDFconversion=\toks59
)
(C:\Users\dell\AppData\Local\Programs\MiKTeX\tex/latex/epstopdf-pkg\epstopdf-ba
se.sty
Package: epstopdf-base 2020-01-24 v2.11 Base part for package epstopdf
Package epstopdf-base Info: Redefining graphics rule for `.eps' on input line 4
85.

(C:\Users\dell\AppData\Local\Programs\MiKTeX\tex/latex/00miktex\epstopdf-sys.cf
g
File: epstopdf-sys.cfg 2021/03/18 v2.0 Configuration of epstopdf for MiKTeX
))
Package hyperref Info: Link coloring OFF on input line 82.
 (C:\Users\dell\AppData\Local\Programs\MiKTeX\tex/latex/hyperref\nameref.sty
Package: nameref 2021-04-02 v2.47 Cross-referencing by name of section
(C:\Users\dell\AppData\Local\Programs\MiKTeX\tex/latex/refcount\refcount.sty
Package: refcount 2019/12/15 v3.6 Data extraction from label references (HO)
)
(C:\Users\dell\AppData\Local\Programs\MiKTeX\tex/generic/gettitlestring\gettitl
estring.sty
Package: gettitlestring 2019/12/15 v1.6 Cleanup title references (HO)
)
\c@section@level=\count363
)
LaTeX Info: Redefining \ref on input line 82.
LaTeX Info: Redefining \pageref on input line 82.
LaTeX Info: Redefining \nameref on input line 82.
 (main.out) (main.out)
\@outlinefile=\write5
\openout5 = `main.out'.

\c@lstlisting=\count364
 (LAYOUT/Title.tex
<GALLEYS/Logo-DH-Khoa-Hoc-Tu-Nhien-Ha-Noi-VNU-HUS.png, id=130, 850.23529pt x 85
0.23529pt>
File: GALLEYS/Logo-DH-Khoa-Hoc-Tu-Nhien-Ha-Noi-VNU-HUS.png Graphic file (type p
ng)
<use GALLEYS/Logo-DH-Khoa-Hoc-Tu-Nhien-Ha-Noi-VNU-HUS.png>
Package pdftex.def Info: GALLEYS/Logo-DH-Khoa-Hoc-Tu-Nhien-Ha-Noi-VNU-HUS.png  
used on input line 13.
(pdftex.def)             Requested size: 212.5583pt x 212.5583pt.
) (LAYOUT/Contents.tex
[1

{C:/Users/dell/AppData/Local/MiKTeX/fonts/map/pdftex/pdftex.map} <./GALLEYS/Log
o-DH-Khoa-Hoc-Tu-Nhien-Ha-Noi-VNU-HUS.png>] (main.toc
LaTeX Font Info:    Trying to load font information for U+rsfs on input line 2.


(C:\Users\dell\AppData\Local\Programs\MiKTeX\tex/latex/jknappen\ursfs.fd
File: ursfs.fd 1998/03/24 rsfs font definition file (jk)
)
LaTeX Font Info:    Trying to load font information for U+msa on input line 2.

(C:\Users\dell\AppData\Local\Programs\MiKTeX\tex/latex/amsfonts\umsa.fd
File: umsa.fd 2013/01/14 v3.01 AMS symbols A
)
LaTeX Font Info:    Trying to load font information for U+msb on input line 2.

(C:\Users\dell\AppData\Local\Programs\MiKTeX\tex/latex/amsfonts\umsb.fd
File: umsb.fd 2013/01/14 v3.01 AMS symbols B
)
LaTeX Font Info:    Trying to load font information for U+lasy on input line 2.


(C:\Users\dell\AppData\Local\Programs\MiKTeX\tex/latex/base\ulasy.fd
File: ulasy.fd 1998/08/17 v2.2e LaTeX symbol font definitions
) [2

])
\tf@toc=\write6
\openout6 = `main.toc'.

)

Package fancyhdr Warning: \headheight is too small (12.0pt): 
(fancyhdr)                Make it at least 14.93912pt, for example:
(fancyhdr)                \setlength{\headheight}{14.93912pt}.
(fancyhdr)                You might also make \topmargin smaller to compensate:

(fancyhdr)                \addtolength{\topmargin}{-2.93912pt}.

[3] (LAYOUT/Introduction.tex) (LAYOUT/CHAPTER/chapter1.tex [4

]
Ch\uhorn \ohorn ng 1.

Underfull \hbox (badness 10000) in paragraph at lines 13--14

 []


Underfull \hbox (badness 10000) in paragraph at lines 14--15

 []

<GALLEYS/images/chapter1/diagram01.png, id=186, 386.19281pt x 147.55125pt>
File: GALLEYS/images/chapter1/diagram01.png Graphic file (type png)
<use GALLEYS/images/chapter1/diagram01.png>
Package pdftex.def Info: GALLEYS/images/chapter1/diagram01.png  used on input l
ine 18.
(pdftex.def)             Requested size: 386.19185pt x 147.55087pt.
[5

]
<GALLEYS/images/chapter1/diagram2.png, id=191, 271.76532pt x 130.23656pt>
File: GALLEYS/images/chapter1/diagram2.png Graphic file (type png)
<use GALLEYS/images/chapter1/diagram2.png>
Package pdftex.def Info: GALLEYS/images/chapter1/diagram2.png  used on input li
ne 21.
(pdftex.def)             Requested size: 271.76465pt x 130.23624pt.

Overfull \hbox (53.37384pt too wide) in paragraph at lines 21--24
[][]
 []


Underfull \hbox (badness 10000) in paragraph at lines 25--30

 []


Underfull \hbox (badness 10000) in paragraph at lines 25--30

 []

<GALLEYS/images/chapter1/images1s.png, id=192, 504.08325pt x 285.4665pt>
File: GALLEYS/images/chapter1/images1s.png Graphic file (type png)
<use GALLEYS/images/chapter1/images1s.png>
Package pdftex.def Info: GALLEYS/images/chapter1/images1s.png  used on input li
ne 30.
(pdftex.def)             Requested size: 247.75673pt x 140.30362pt.

Overfull \hbox (29.36592pt too wide) in paragraph at lines 30--31
[][] 
 []

<GALLEYS/images/chapter1/images1f.png, id=193, 393.26926pt x 295.70474pt>
File: GALLEYS/images/chapter1/images1f.png Graphic file (type png)
<use GALLEYS/images/chapter1/images1f.png>
Package pdftex.def Info: GALLEYS/images/chapter1/images1f.png  used on input li
ne 32.
(pdftex.def)             Requested size: 202.82097pt x 152.50676pt.

Overfull \vbox (5.88739pt too high) has occurred while \output is active []



Package fancyhdr Warning: \headheight is too small (12.0pt): 
(fancyhdr)                Make it at least 14.93912pt, for example:
(fancyhdr)                \setlength{\headheight}{14.93912pt}.
(fancyhdr)                You might also make \topmargin smaller to compensate:

(fancyhdr)                \addtolength{\topmargin}{-2.93912pt}.

[6 <./GALLEYS/images/chapter1/diagram01.png (PNG copy)> <./GALLEYS/images/chapt
er1/diagram2.png (PNG copy)> <./GALLEYS/images/chapter1/images1s.png> <./GALLEY
S/images/chapter1/images1f.png>]
Underfull \hbox (badness 10000) in paragraph at lines 34--37

 []

<GALLEYS/images/chapter1/images2.png, id=200, 445.06274pt x 168.63pt>
File: GALLEYS/images/chapter1/images2.png Graphic file (type png)
<use GALLEYS/images/chapter1/images2.png>
Package pdftex.def Info: GALLEYS/images/chapter1/images2.png  used on input lin
e 38.
(pdftex.def)             Requested size: 333.79623pt x 126.47218pt.
<GALLEYS/images/chapter1/images3.png, id=201, 372.64218pt x 58.71938pt>
File: GALLEYS/images/chapter1/images3.png Graphic file (type png)
<use GALLEYS/images/chapter1/images3.png>
Package pdftex.def Info: GALLEYS/images/chapter1/images3.png  used on input lin
e 40.
(pdftex.def)             Requested size: 372.64127pt x 58.71921pt.
) (LAYOUT/CHAPTER/chapter2.tex

Package fancyhdr Warning: \headheight is too small (12.0pt): 
(fancyhdr)                Make it at least 14.93912pt, for example:
(fancyhdr)                \setlength{\headheight}{14.93912pt}.
(fancyhdr)                You might also make \topmargin smaller to compensate:

(fancyhdr)                \addtolength{\topmargin}{-2.93912pt}.

[7 <./GALLEYS/images/chapter1/images2.png> <./GALLEYS/images/chapter1/images3.p
ng>]
Ch\uhorn \ohorn ng 2.

Underfull \hbox (badness 10000) in paragraph at lines 9--10

 []


Underfull \hbox (badness 10000) in paragraph at lines 10--11

 []


Underfull \hbox (badness 10000) in paragraph at lines 18--19

 []

[8

]
Underfull \hbox (badness 10000) in paragraph at lines 19--20

 []


Underfull \hbox (badness 10000) in paragraph at lines 20--21

 []

<GALLEYS/images/chapter2/diagram1.png, id=213, 375.804pt x 140.9265pt>
File: GALLEYS/images/chapter2/diagram1.png Graphic file (type png)
<use GALLEYS/images/chapter2/diagram1.png>
Package pdftex.def Info: GALLEYS/images/chapter2/diagram1.png  used on input li
ne 24.
(pdftex.def)             Requested size: 375.80309pt x 140.92615pt.
<GALLEYS/images/chapter2/exdiagram.png, id=214, 375.804pt x 289.08pt>
File: GALLEYS/images/chapter2/exdiagram.png Graphic file (type png)
<use GALLEYS/images/chapter2/exdiagram.png>
Package pdftex.def Info: GALLEYS/images/chapter2/exdiagram.png  used on input l
ine 30.
(pdftex.def)             Requested size: 375.80309pt x 289.07928pt.

Package fancyhdr Warning: \headheight is too small (12.0pt): 
(fancyhdr)                Make it at least 14.93912pt, for example:
(fancyhdr)                \setlength{\headheight}{14.93912pt}.
(fancyhdr)                You might also make \topmargin smaller to compensate:

(fancyhdr)                \addtolength{\topmargin}{-2.93912pt}.

[9 <./GALLEYS/images/chapter2/diagram1.png>]
Underfull \hbox (badness 10000) in paragraph at lines 32--35

 []

<GALLEYS/images/chapter2/images1.png, id=219, 294.50024pt x 119.2455pt>
File: GALLEYS/images/chapter2/images1.png Graphic file (type png)
<use GALLEYS/images/chapter2/images1.png>
Package pdftex.def Info: GALLEYS/images/chapter2/images1.png  used on input lin
e 37.
(pdftex.def)             Requested size: 236.01563pt x 95.56937pt.

Overfull \hbox (17.62482pt too wide) in paragraph at lines 37--41
[][] 
 []


Underfull \hbox (badness 10000) in paragraph at lines 37--41

 []


Underfull \hbox (badness 10000) in paragraph at lines 37--41

 []

<GALLEYS/images/chapter2/images2.png, id=220, 444.4605pt x 75.8835pt>
File: GALLEYS/images/chapter2/images2.png Graphic file (type png)
<use GALLEYS/images/chapter2/images2.png>
Package pdftex.def Info: GALLEYS/images/chapter2/images2.png  used on input lin
e 42.
(pdftex.def)             Requested size: 444.45941pt x 75.8833pt.

Package fancyhdr Warning: \headheight is too small (12.0pt): 
(fancyhdr)                Make it at least 14.93912pt, for example:
(fancyhdr)                \setlength{\headheight}{14.93912pt}.
(fancyhdr)                You might also make \topmargin smaller to compensate:

(fancyhdr)                \addtolength{\topmargin}{-2.93912pt}.

[10 <./GALLEYS/images/chapter2/exdiagram.png> <./GALLEYS/images/chapter2/images
1.png> <./GALLEYS/images/chapter2/images2.png>]
<GALLEYS/images/chapter2/images3.png, id=225, 227.6505pt x 65.043pt>
File: GALLEYS/images/chapter2/images3.png Graphic file (type png)
<use GALLEYS/images/chapter2/images3.png>
Package pdftex.def Info: GALLEYS/images/chapter2/images3.png  used on input lin
e 45.
(pdftex.def)             Requested size: 227.64993pt x 65.04283pt.

Overfull \hbox (9.25912pt too wide) in paragraph at lines 45--47
[][] 
 []

<GALLEYS/images/chapter2/images4.png, id=226, 360.1455pt x 357.7365pt>
File: GALLEYS/images/chapter2/images4.png Graphic file (type png)
<use GALLEYS/images/chapter2/images4.png>
Package pdftex.def Info: GALLEYS/images/chapter2/images4.png  used on input lin
e 49.
(pdftex.def)             Requested size: 236.01563pt x 234.43648pt.
<GALLEYS/images/chapter2/images5.png, id=227, 324.61275pt x 271.61475pt>
File: GALLEYS/images/chapter2/images5.png Graphic file (type png)
<use GALLEYS/images/chapter2/images5.png>
Package pdftex.def Info: GALLEYS/images/chapter2/images5.png  used on input lin
e 50.
(pdftex.def)             Requested size: 236.01563pt x 197.48137pt.

Overfull \hbox (17.62482pt too wide) in paragraph at lines 49--51
[][] 
 []


Underfull \hbox (badness 10000) in paragraph at lines 49--51

 []

<GALLEYS/images/chapter2/images6.png, id=228, 501.67426pt x 320.397pt>
File: GALLEYS/images/chapter2/images6.png Graphic file (type png)
<use GALLEYS/images/chapter2/images6.png>
Package pdftex.def Info: GALLEYS/images/chapter2/images6.png  used on input lin
e 62.
(pdftex.def)             Requested size: 501.67302pt x 320.39621pt.
<GALLEYS/images/chapter2/images7.png, id=229, 449.88075pt x 407.121pt>
File: GALLEYS/images/chapter2/images7.png Graphic file (type png)
<use GALLEYS/images/chapter2/images7.png>
Package pdftex.def Info: GALLEYS/images/chapter2/images7.png  used on input lin
e 65.
(pdftex.def)             Requested size: 449.87965pt x 407.12001pt.
<GALLEYS/images/chapter2/images8.png, id=230, 645.612pt x 440.847pt>
File: GALLEYS/images/chapter2/images8.png Graphic file (type png)
<use GALLEYS/images/chapter2/images8.png>
Package pdftex.def Info: GALLEYS/images/chapter2/images8.png  used on input lin
e 67.
(pdftex.def)             Requested size: 500.4919pt x 274.50623pt.
<GALLEYS/images/chapter2/images9.png, id=231, 641.39626pt x 440.847pt>
File: GALLEYS/images/chapter2/images9.png Graphic file (type png)
<use GALLEYS/images/chapter2/images9.png>
Package pdftex.def Info: GALLEYS/images/chapter2/images9.png  used on input lin
e 69.
(pdftex.def)             Requested size: 500.49258pt x 305.01215pt.
<GALLEYS/images/chapter2/images10.png, id=232, 522.15076pt x 260.77425pt>
File: GALLEYS/images/chapter2/images10.png Graphic file (type png)
<use GALLEYS/images/chapter2/images10.png>
Package pdftex.def Info: GALLEYS/images/chapter2/images10.png  used on input li
ne 72.
(pdftex.def)             Requested size: 500.50214pt x 244.01367pt.
<GALLEYS/images/chapter2/images11.png, id=233, 357.13425pt x 151.16475pt>
File: GALLEYS/images/chapter2/images11.png Graphic file (type png)
<use GALLEYS/images/chapter2/images11.png>
Package pdftex.def Info: GALLEYS/images/chapter2/images11.png  used on input li
ne 75.
(pdftex.def)             Requested size: 500.49133pt x 183.0183pt.

Overfull \hbox (1.18903pt too wide) in paragraph at lines 52--77
[] 
 []


Underfull \hbox (badness 10000) in paragraph at lines 52--77

 []


Underfull \hbox (badness 10000) in paragraph at lines 52--77

 []


Underfull \hbox (badness 10000) in paragraph at lines 52--77

 []


Underfull \hbox (badness 10000) in paragraph at lines 52--77

 []


Package fancyhdr Warning: \headheight is too small (12.0pt): 
(fancyhdr)                Make it at least 14.93912pt, for example:
(fancyhdr)                \setlength{\headheight}{14.93912pt}.
(fancyhdr)                You might also make \topmargin smaller to compensate:

(fancyhdr)                \addtolength{\topmargin}{-2.93912pt}.

[11 <./GALLEYS/images/chapter2/images3.png> <./GALLEYS/images/chapter2/images4.
png> <./GALLEYS/images/chapter2/images5.png>]

Package fancyhdr Warning: \headheight is too small (12.0pt): 
(fancyhdr)                Make it at least 14.93912pt, for example:
(fancyhdr)                \setlength{\headheight}{14.93912pt}.
(fancyhdr)                You might also make \topmargin smaller to compensate:

(fancyhdr)                \addtolength{\topmargin}{-2.93912pt}.

[12 <./GALLEYS/images/chapter2/images6.png>]

Package fancyhdr Warning: \headheight is too small (12.0pt): 
(fancyhdr)                Make it at least 14.93912pt, for example:
(fancyhdr)                \setlength{\headheight}{14.93912pt}.
(fancyhdr)                You might also make \topmargin smaller to compensate:

(fancyhdr)                \addtolength{\topmargin}{-2.93912pt}.

[13 <./GALLEYS/images/chapter2/images7.png>]

Package fancyhdr Warning: \headheight is too small (12.0pt): 
(fancyhdr)                Make it at least 14.93912pt, for example:
(fancyhdr)                \setlength{\headheight}{14.93912pt}.
(fancyhdr)                You might also make \topmargin smaller to compensate:

(fancyhdr)                \addtolength{\topmargin}{-2.93912pt}.

[14 <./GALLEYS/images/chapter2/images8.png> <./GALLEYS/images/chapter2/images9.
png>]) (LAYOUT/CHAPTER/chapter3.tex

Package fancyhdr Warning: \headheight is too small (12.0pt): 
(fancyhdr)                Make it at least 14.93912pt, for example:
(fancyhdr)                \setlength{\headheight}{14.93912pt}.
(fancyhdr)                You might also make \topmargin smaller to compensate:

(fancyhdr)                \addtolength{\topmargin}{-2.93912pt}.

[15 <./GALLEYS/images/chapter2/images10.png> <./GALLEYS/images/chapter2/images1
1.png>]
Ch\uhorn \ohorn ng 3.

Underfull \hbox (badness 10000) in paragraph at lines 4--5

 []


Underfull \hbox (badness 10000) in paragraph at lines 14--15

 []


Underfull \hbox (badness 10000) in paragraph at lines 15--16

 []


Underfull \hbox (badness 10000) in paragraph at lines 16--17

 []

<GALLEYS/images/chapter3/diagram1.png, id=260, 497.4585pt x 316.7835pt>
File: GALLEYS/images/chapter3/diagram1.png Graphic file (type png)
<use GALLEYS/images/chapter3/diagram1.png>
Package pdftex.def Info: GALLEYS/images/chapter3/diagram1.png  used on input li
ne 19.
(pdftex.def)             Requested size: 500.484pt x 318.72102pt.

Overfull \hbox (17.62482pt too wide) in paragraph at lines 19--27
[][] 
 []


Underfull \hbox (badness 10000) in paragraph at lines 19--27

 []

[16

]

Package fancyhdr Warning: \headheight is too small (12.0pt): 
(fancyhdr)                Make it at least 14.93912pt, for example:
(fancyhdr)                \setlength{\headheight}{14.93912pt}.
(fancyhdr)                You might also make \topmargin smaller to compensate:

(fancyhdr)                \addtolength{\topmargin}{-2.93912pt}.

[17 <./GALLEYS/images/chapter3/diagram1.png>]
<GALLEYS/images/chapter3/images1.png, id=270, 258.9675pt x 233.673pt>
File: GALLEYS/images/chapter3/images1.png Graphic file (type png)
<use GALLEYS/images/chapter3/images1.png>
Package pdftex.def Info: GALLEYS/images/chapter3/images1.png  used on input lin
e 29.
(pdftex.def)             Requested size: 236.01563pt x 212.97078pt.
<GALLEYS/images/chapter3/images2.png, id=271, 390.258pt x 351.11176pt>
File: GALLEYS/images/chapter3/images2.png Graphic file (type png)
<use GALLEYS/images/chapter3/images2.png>
Package pdftex.def Info: GALLEYS/images/chapter3/images2.png  used on input lin
e 30.
(pdftex.def)             Requested size: 236.01563pt x 212.34021pt.

Overfull \hbox (17.62482pt too wide) in paragraph at lines 29--31
[][] 
 []


Overfull \hbox (4.05516pt too wide) in paragraph at lines 32--36
\T5/cmr/m/n/12 name(String),description(String),vegetarian(boolean),price(doubl
e) cc thuc tnh ny u c phm
 []


Underfull \hbox (badness 10000) in paragraph at lines 32--36

 []

<GALLEYS/images/chapter3/images3.png, id=272, 483.0045pt x 433.62pt>
File: GALLEYS/images/chapter3/images3.png Graphic file (type png)
<use GALLEYS/images/chapter3/images3.png>
Package pdftex.def Info: GALLEYS/images/chapter3/images3.png  used on input lin
e 37.
(pdftex.def)             Requested size: 500.48505pt x 311.12767pt.
<GALLEYS/images/chapter3/images4.png, id=273, 511.31026pt x 268.00125pt>
File: GALLEYS/images/chapter3/images4.png Graphic file (type png)
<use GALLEYS/images/chapter3/images4.png>
Package pdftex.def Info: GALLEYS/images/chapter3/images4.png  used on input lin
e 38.
(pdftex.def)             Requested size: 500.51108pt x 292.81075pt.

Overfull \hbox (17.62587pt too wide) in paragraph at lines 37--45
[][] 
 []


Underfull \hbox (badness 10000) in paragraph at lines 37--45

 []


Underfull \hbox (badness 10000) in paragraph at lines 37--45

 []


Package fancyhdr Warning: \headheight is too small (12.0pt): 
(fancyhdr)                Make it at least 14.93912pt, for example:
(fancyhdr)                \setlength{\headheight}{14.93912pt}.
(fancyhdr)                You might also make \topmargin smaller to compensate:

(fancyhdr)                \addtolength{\topmargin}{-2.93912pt}.

[18 <./GALLEYS/images/chapter3/images1.png> <./GALLEYS/images/chapter3/images2.
png> <./GALLEYS/images/chapter3/images3.png>]
<GALLEYS/images/chapter3/images5.png, id=281, 533.5935pt x 340.27126pt>
File: GALLEYS/images/chapter3/images5.png Graphic file (type png)
<use GALLEYS/images/chapter3/images5.png>
Package pdftex.def Info: GALLEYS/images/chapter3/images5.png  used on input lin
e 47.
(pdftex.def)             Requested size: 500.51135pt x 292.82486pt.


Package fancyhdr Warning: \headheight is too small (12.0pt): 
(fancyhdr)                Make it at least 14.93912pt, for example:
(fancyhdr)                \setlength{\headheight}{14.93912pt}.
(fancyhdr)                You might also make \topmargin smaller to compensate:

(fancyhdr)                \addtolength{\topmargin}{-2.93912pt}.

[19 <./GALLEYS/images/chapter3/images4.png>]
<GALLEYS/images/chapter3/images6.png, id=288, 493.24275pt x 327.02174pt>
File: GALLEYS/images/chapter3/images6.png Graphic file (type png)
<use GALLEYS/images/chapter3/images6.png>
Package pdftex.def Info: GALLEYS/images/chapter3/images6.png  used on input lin
e 48.
(pdftex.def)             Requested size: 500.5044pt x 292.82484pt.

Underfull \hbox (badness 10000) in paragraph at lines 50--54

 []


Package fancyhdr Warning: \headheight is too small (12.0pt): 
(fancyhdr)                Make it at least 14.93912pt, for example:
(fancyhdr)                \setlength{\headheight}{14.93912pt}.
(fancyhdr)                You might also make \topmargin smaller to compensate:

(fancyhdr)                \addtolength{\topmargin}{-2.93912pt}.

[20 <./GALLEYS/images/chapter3/images5.png> <./GALLEYS/images/chapter3/images6.
png>]
Underfull \hbox (badness 10000) in paragraph at lines 55--58

 []

<GALLEYS/images/chapter3/images7.png, id=295, 202.95825pt x 90.93974pt>
File: GALLEYS/images/chapter3/images7.png Graphic file (type png)
<use GALLEYS/images/chapter3/images7.png>
Package pdftex.def Info: GALLEYS/images/chapter3/images7.png  used on input lin
e 58.
(pdftex.def)             Requested size: 236.01563pt x 105.7538pt.

Overfull \hbox (17.62482pt too wide) in paragraph at lines 58--60
[][]
 []

<GALLEYS/images/chapter3/images8.png, id=296, 251.7405pt x 72.87225pt>
File: GALLEYS/images/chapter3/images8.png Graphic file (type png)
<use GALLEYS/images/chapter3/images8.png>
Package pdftex.def Info: GALLEYS/images/chapter3/images8.png  used on input lin
e 63.
(pdftex.def)             Requested size: 236.01563pt x 68.32089pt.
<GALLEYS/images/chapter3/images9.png, id=297, 448.67625pt x 446.26724pt>
File: GALLEYS/images/chapter3/images9.png Graphic file (type png)
<use GALLEYS/images/chapter3/images9.png>
Package pdftex.def Info: GALLEYS/images/chapter3/images9.png  used on input lin
e 66.
(pdftex.def)             Requested size: 448.67516pt x 446.26614pt.

Package fancyhdr Warning: \headheight is too small (12.0pt): 
(fancyhdr)                Make it at least 14.93912pt, for example:
(fancyhdr)                \setlength{\headheight}{14.93912pt}.
(fancyhdr)                You might also make \topmargin smaller to compensate:

(fancyhdr)                \addtolength{\topmargin}{-2.93912pt}.

[21 <./GALLEYS/images/chapter3/images7.png> <./GALLEYS/images/chapter3/images8.
png>]
Underfull \hbox (badness 10000) in paragraph at lines 68--72

 []

<GALLEYS/images/chapter3/images10.png, id=304, 433.62pt x 475.7775pt>
File: GALLEYS/images/chapter3/images10.png Graphic file (type png)
<use GALLEYS/images/chapter3/images10.png>
Package pdftex.def Info: GALLEYS/images/chapter3/images10.png  used on input li
ne 73.
(pdftex.def)             Requested size: 500.51175pt x 427.03421pt.

Package fancyhdr Warning: \headheight is too small (12.0pt): 
(fancyhdr)                Make it at least 14.93912pt, for example:
(fancyhdr)                \setlength{\headheight}{14.93912pt}.
(fancyhdr)                You might also make \topmargin smaller to compensate:

(fancyhdr)                \addtolength{\topmargin}{-2.93912pt}.

[22 <./GALLEYS/images/chapter3/images9.png>]
Underfull \hbox (badness 10000) in paragraph at lines 75--79

 []

<GALLEYS/images/chapter3/images11.png, id=310, 440.847pt x 481.19775pt>
File: GALLEYS/images/chapter3/images11.png Graphic file (type png)
<use GALLEYS/images/chapter3/images11.png>
Package pdftex.def Info: GALLEYS/images/chapter3/images11.png  used on input li
ne 80.
(pdftex.def)             Requested size: 500.48549pt x 427.02377pt.

Package fancyhdr Warning: \headheight is too small (12.0pt): 
(fancyhdr)                Make it at least 14.93912pt, for example:
(fancyhdr)                \setlength{\headheight}{14.93912pt}.
(fancyhdr)                You might also make \topmargin smaller to compensate:

(fancyhdr)                \addtolength{\topmargin}{-2.93912pt}.

[23 <./GALLEYS/images/chapter3/images10.png>]
<GALLEYS/images/chapter3/images12.png, id=316, 488.42474pt x 465.53925pt>
File: GALLEYS/images/chapter3/images12.png Graphic file (type png)
<use GALLEYS/images/chapter3/images12.png>
Package pdftex.def Info: GALLEYS/images/chapter3/images12.png  used on input li
ne 85.
(pdftex.def)             Requested size: 500.497pt x 244.00685pt.


Package fancyhdr Warning: \headheight is too small (12.0pt): 
(fancyhdr)                Make it at least 14.93912pt, for example:
(fancyhdr)                \setlength{\headheight}{14.93912pt}.
(fancyhdr)                You might also make \topmargin smaller to compensate:

(fancyhdr)                \addtolength{\topmargin}{-2.93912pt}.

[24 <./GALLEYS/images/chapter3/images11.png>]
<GALLEYS/images/chapter3/images13.png, id=322, 513.117pt x 511.31026pt>
File: GALLEYS/images/chapter3/images13.png Graphic file (type png)
<use GALLEYS/images/chapter3/images13.png>
Package pdftex.def Info: GALLEYS/images/chapter3/images13.png  used on input li
ne 86.
(pdftex.def)             Requested size: 500.50238pt x 305.02527pt.
<GALLEYS/images/chapter3/images14.png, id=323, 522.753pt x 445.665pt>
File: GALLEYS/images/chapter3/images14.png Graphic file (type png)
<use GALLEYS/images/chapter3/images14.png>
Package pdftex.def Info: GALLEYS/images/chapter3/images14.png  used on input li
ne 89.
(pdftex.def)             Requested size: 500.48117pt x 488.02972pt.


Package fancyhdr Warning: \headheight is too small (12.0pt): 
(fancyhdr)                Make it at least 14.93912pt, for example:
(fancyhdr)                \setlength{\headheight}{14.93912pt}.
(fancyhdr)                You might also make \topmargin smaller to compensate:

(fancyhdr)                \addtolength{\topmargin}{-2.93912pt}.

[25 <./GALLEYS/images/chapter3/images12.png> <./GALLEYS/images/chapter3/images1
3.png>]) (LAYOUT/CHAPTER/chapter4.tex

Package fancyhdr Warning: \headheight is too small (12.0pt): 
(fancyhdr)                Make it at least 14.93912pt, for example:
(fancyhdr)                \setlength{\headheight}{14.93912pt}.
(fancyhdr)                You might also make \topmargin smaller to compensate:

(fancyhdr)                \addtolength{\topmargin}{-2.93912pt}.

[26 <./GALLEYS/images/chapter3/images14.png>]
Ch\uhorn \ohorn ng 4.

Underfull \hbox (badness 10000) in paragraph at lines 4--5

 []

[27

]
<GALLEYS/images/chapter4/diagram1.png, id=339, 268.00125pt x 155.98276pt>
File: GALLEYS/images/chapter4/diagram1.png Graphic file (type png)
<use GALLEYS/images/chapter4/diagram1.png>
Package pdftex.def Info: GALLEYS/images/chapter4/diagram1.png  used on input li
ne 26.
(pdftex.def)             Requested size: 268.00058pt x 155.98238pt.
<GALLEYS/images/chapter4/diagram2.png, id=340, 375.804pt x 210.18526pt>
File: GALLEYS/images/chapter4/diagram2.png Graphic file (type png)
<use GALLEYS/images/chapter4/diagram2.png>
Package pdftex.def Info: GALLEYS/images/chapter4/diagram2.png  used on input li
ne 29.
(pdftex.def)             Requested size: 375.80309pt x 210.18474pt.

Underfull \hbox (badness 10000) in paragraph at lines 31--38

 []


Package fancyhdr Warning: \headheight is too small (12.0pt): 
(fancyhdr)                Make it at least 14.93912pt, for example:
(fancyhdr)                \setlength{\headheight}{14.93912pt}.
(fancyhdr)                You might also make \topmargin smaller to compensate:

(fancyhdr)                \addtolength{\topmargin}{-2.93912pt}.

[28 <./GALLEYS/images/chapter4/diagram1.png> <./GALLEYS/images/chapter4/diagram
2.png>]
Underfull \hbox (badness 10000) in paragraph at lines 39--42

 []

<GALLEYS/images/chapter4/images1.png, id=345, 292.6935pt x 143.93774pt>
File: GALLEYS/images/chapter4/images1.png Graphic file (type png)
<use GALLEYS/images/chapter4/images1.png>
Package pdftex.def Info: GALLEYS/images/chapter4/images1.png  used on input lin
e 42.
(pdftex.def)             Requested size: 236.01563pt x 116.0662pt.

Overfull \hbox (17.62482pt too wide) in paragraph at lines 42--43
[][] 
 []


Underfull \hbox (badness 10000) in paragraph at lines 42--43

 []


Underfull \hbox (badness 10000) in paragraph at lines 44--45

 []

<GALLEYS/images/chapter4/images3.png, id=346, 278.2395pt x 140.9265pt>
File: GALLEYS/images/chapter4/images3.png Graphic file (type png)
<use GALLEYS/images/chapter4/images3.png>
Package pdftex.def Info: GALLEYS/images/chapter4/images3.png  used on input lin
e 50.
(pdftex.def)             Requested size: 278.23882pt x 140.92615pt.
<GALLEYS/images/chapter4/images4.png, id=347, 280.6485pt x 148.1535pt>
File: GALLEYS/images/chapter4/images4.png Graphic file (type png)
<use GALLEYS/images/chapter4/images4.png>
Package pdftex.def Info: GALLEYS/images/chapter4/images4.png  used on input lin
e 55.
(pdftex.def)             Requested size: 212.41261pt x 112.1344pt.
<GALLEYS/images/chapter4/images5.png, id=348, 248.72925pt x 140.9265pt>
File: GALLEYS/images/chapter4/images5.png Graphic file (type png)
<use GALLEYS/images/chapter4/images5.png>
Package pdftex.def Info: GALLEYS/images/chapter4/images5.png  used on input lin
e 56.
(pdftex.def)             Requested size: 212.41261pt x 120.35362pt.

Underfull \hbox (badness 10000) in paragraph at lines 55--57
[][]
 []


Overfull \vbox (6.81888pt too high) has occurred while \output is active []



Package fancyhdr Warning: \headheight is too small (12.0pt): 
(fancyhdr)                Make it at least 14.93912pt, for example:
(fancyhdr)                \setlength{\headheight}{14.93912pt}.
(fancyhdr)                You might also make \topmargin smaller to compensate:

(fancyhdr)                \addtolength{\topmargin}{-2.93912pt}.

[29 <./GALLEYS/images/chapter4/images1.png> <./GALLEYS/images/chapter4/images3.
png> <./GALLEYS/images/chapter4/images4.png> <./GALLEYS/images/chapter4/images5
.png>]
<GALLEYS/images/chapter4/images2.png, id=357, 426.393pt x 96.36pt>
File: GALLEYS/images/chapter4/images2.png Graphic file (type png)
<use GALLEYS/images/chapter4/images2.png>
Package pdftex.def Info: GALLEYS/images/chapter4/images2.png  used on input lin
e 59.
(pdftex.def)             Requested size: 426.39195pt x 96.35974pt.

Underfull \hbox (badness 10000) in paragraph at lines 65--67

 []

<GALLEYS/images/chapter4/images6.png, id=358, 325.215pt x 201.75375pt>
File: GALLEYS/images/chapter4/images6.png Graphic file (type png)
<use GALLEYS/images/chapter4/images6.png>
Package pdftex.def Info: GALLEYS/images/chapter4/images6.png  used on input lin
e 69.
(pdftex.def)             Requested size: 212.41261pt x 131.7787pt.
<GALLEYS/images/chapter4/images7.png, id=359, 312.56775pt x 202.356pt>
File: GALLEYS/images/chapter4/images7.png Graphic file (type png)
<use GALLEYS/images/chapter4/images7.png>
Package pdftex.def Info: GALLEYS/images/chapter4/images7.png  used on input lin
e 70.
(pdftex.def)             Requested size: 212.41261pt x 137.51688pt.

Underfull \hbox (badness 10000) in paragraph at lines 69--71
[][]
 []

<GALLEYS/images/chapter4/images8.png, id=360, 355.3275pt x 316.18124pt>
File: GALLEYS/images/chapter4/images8.png Graphic file (type png)
<use GALLEYS/images/chapter4/images8.png>
Package pdftex.def Info: GALLEYS/images/chapter4/images8.png  used on input lin
e 76.
(pdftex.def)             Requested size: 355.32661pt x 316.18047pt.
<GALLEYS/images/chapter4/images9.png, id=361, 319.1925pt x 52.39575pt>
File: GALLEYS/images/chapter4/images9.png Graphic file (type png)
<use GALLEYS/images/chapter4/images9.png>
Package pdftex.def Info: GALLEYS/images/chapter4/images9.png  used on input lin
e 77.
(pdftex.def)             Requested size: 319.19171pt x 52.39561pt.

Package fancyhdr Warning: \headheight is too small (12.0pt): 
(fancyhdr)                Make it at least 14.93912pt, for example:
(fancyhdr)                \setlength{\headheight}{14.93912pt}.
(fancyhdr)                You might also make \topmargin smaller to compensate:

(fancyhdr)                \addtolength{\topmargin}{-2.93912pt}.

[30 <./GALLEYS/images/chapter4/images2.png> <./GALLEYS/images/chapter4/images6.
png> <./GALLEYS/images/chapter4/images7.png>]) (LAYOUT/CHAPTER/chapter5.tex

Package fancyhdr Warning: \headheight is too small (12.0pt): 
(fancyhdr)                Make it at least 14.93912pt, for example:
(fancyhdr)                \setlength{\headheight}{14.93912pt}.
(fancyhdr)                You might also make \topmargin smaller to compensate:

(fancyhdr)                \addtolength{\topmargin}{-2.93912pt}.

[31 <./GALLEYS/images/chapter4/images8.png> <./GALLEYS/images/chapter4/images9.
png>]
Ch\uhorn \ohorn ng 5.
[32

]
<GALLEYS/images/chapter5/diagram1.png, id=379, 375.804pt x 175.25475pt>
File: GALLEYS/images/chapter5/diagram1.png Graphic file (type png)
<use GALLEYS/images/chapter5/diagram1.png>
Package pdftex.def Info: GALLEYS/images/chapter5/diagram1.png  used on input li
ne 37.
(pdftex.def)             Requested size: 375.80309pt x 175.2543pt.

Underfull \hbox (badness 10000) in paragraph at lines 37--41

 []


Package fancyhdr Warning: \headheight is too small (12.0pt): 
(fancyhdr)                Make it at least 14.93912pt, for example:
(fancyhdr)                \setlength{\headheight}{14.93912pt}.
(fancyhdr)                You might also make \topmargin smaller to compensate:

(fancyhdr)                \addtolength{\topmargin}{-2.93912pt}.

[33 <./GALLEYS/images/chapter5/diagram1.png>]
Underfull \hbox (badness 10000) in paragraph at lines 42--43

 []

<GALLEYS/images/chapter5/images1.png, id=384, 468.5505pt x 204.765pt>
File: GALLEYS/images/chapter5/images1.png Graphic file (type png)
<use GALLEYS/images/chapter5/images1.png>
Package pdftex.def Info: GALLEYS/images/chapter5/images1.png  used on input lin
e 45.
(pdftex.def)             Requested size: 500.484pt x 218.72768pt.

Underfull \hbox (badness 10000) in paragraph at lines 47--48

 []


Underfull \hbox (badness 10000) in paragraph at lines 49--50

 []


Underfull \hbox (badness 10000) in paragraph at lines 51--52

 []


Underfull \hbox (badness 10000) in paragraph at lines 53--54

 []


Underfull \hbox (badness 10000) in paragraph at lines 55--56

 []

<GALLEYS/images/chapter5/images2.png, id=385, 316.7835pt x 233.673pt>
File: GALLEYS/images/chapter5/images2.png Graphic file (type png)
<use GALLEYS/images/chapter5/images2.png>
Package pdftex.def Info: GALLEYS/images/chapter5/images2.png  used on input lin
e 58.
(pdftex.def)             Requested size: 316.78271pt x 233.67242pt.

Package fancyhdr Warning: \headheight is too small (12.0pt): 
(fancyhdr)                Make it at least 14.93912pt, for example:
(fancyhdr)                \setlength{\headheight}{14.93912pt}.
(fancyhdr)                You might also make \topmargin smaller to compensate:

(fancyhdr)                \addtolength{\topmargin}{-2.93912pt}.

[34 <./GALLEYS/images/chapter5/images1.png>]
Underfull \hbox (badness 10000) in paragraph at lines 60--61

 []

<GALLEYS/images/chapter5/images3.png, id=391, 350.5095pt x 228.855pt>
File: GALLEYS/images/chapter5/images3.png Graphic file (type png)
<use GALLEYS/images/chapter5/images3.png>
Package pdftex.def Info: GALLEYS/images/chapter5/images3.png  used on input lin
e 62.
(pdftex.def)             Requested size: 350.50865pt x 228.85443pt.

Package fancyhdr Warning: \headheight is too small (12.0pt): 
(fancyhdr)                Make it at least 14.93912pt, for example:
(fancyhdr)                \setlength{\headheight}{14.93912pt}.
(fancyhdr)                You might also make \topmargin smaller to compensate:

(fancyhdr)                \addtolength{\topmargin}{-2.93912pt}.

[35 <./GALLEYS/images/chapter5/images2.png> <./GALLEYS/images/chapter5/images3.
png>]
<GALLEYS/images/chapter5/images4.png, id=398, 411.939pt x 366.77025pt>
File: GALLEYS/images/chapter5/images4.png Graphic file (type png)
<use GALLEYS/images/chapter5/images4.png>
Package pdftex.def Info: GALLEYS/images/chapter5/images4.png  used on input lin
e 66.
(pdftex.def)             Requested size: 236.01563pt x 210.13573pt.
<GALLEYS/images/chapter5/images5.png, id=399, 435.42674pt x 389.65575pt>
File: GALLEYS/images/chapter5/images5.png Graphic file (type png)
<use GALLEYS/images/chapter5/images5.png>
Package pdftex.def Info: GALLEYS/images/chapter5/images5.png  used on input lin
e 67.
(pdftex.def)             Requested size: 236.01563pt x 211.20767pt.

Overfull \hbox (17.62482pt too wide) in paragraph at lines 66--68
[][]
 []


Underfull \hbox (badness 10000) in paragraph at lines 70--72

 []

<GALLEYS/images/chapter5/images6.png, id=400, 318.59026pt x 148.75575pt>
File: GALLEYS/images/chapter5/images6.png Graphic file (type png)
<use GALLEYS/images/chapter5/images6.png>
Package pdftex.def Info: GALLEYS/images/chapter5/images6.png  used on input lin
e 77.
(pdftex.def)             Requested size: 236.01563pt x 110.20236pt.
<GALLEYS/images/chapter5/images7.png, id=401, 420.97275pt x 198.7425pt>
File: GALLEYS/images/chapter5/images7.png Graphic file (type png)
<use GALLEYS/images/chapter5/images7.png>
Package pdftex.def Info: GALLEYS/images/chapter5/images7.png  used on input lin
e 78.
(pdftex.def)             Requested size: 236.01563pt x 111.4224pt.

Overfull \hbox (17.62482pt too wide) in paragraph at lines 77--79
[][]
 []

<GALLEYS/images/chapter5/images8.png, id=402, 457.10776pt x 366.77025pt>
File: GALLEYS/images/chapter5/images8.png Graphic file (type png)
<use GALLEYS/images/chapter5/images8.png>
Package pdftex.def Info: GALLEYS/images/chapter5/images8.png  used on input lin
e 84.
(pdftex.def)             Requested size: 418.17276pt x 335.51675pt.
<GALLEYS/images/chapter5/images9.png, id=403, 383.031pt x 283.65974pt>
File: GALLEYS/images/chapter5/images9.png Graphic file (type png)
<use GALLEYS/images/chapter5/images9.png>
Package pdftex.def Info: GALLEYS/images/chapter5/images9.png  used on input lin
e 85.
(pdftex.def)             Requested size: 329.4879pt x 244.0071pt.

Package fancyhdr Warning: \headheight is too small (12.0pt): 
(fancyhdr)                Make it at least 14.93912pt, for example:
(fancyhdr)                \setlength{\headheight}{14.93912pt}.
(fancyhdr)                You might also make \topmargin smaller to compensate:

(fancyhdr)                \addtolength{\topmargin}{-2.93912pt}.

[36 <./GALLEYS/images/chapter5/images4.png> <./GALLEYS/images/chapter5/images5.
png> <./GALLEYS/images/chapter5/images6.png> <./GALLEYS/images/chapter5/images7
.png>]

Package fancyhdr Warning: \headheight is too small (12.0pt): 
(fancyhdr)                Make it at least 14.93912pt, for example:
(fancyhdr)                \setlength{\headheight}{14.93912pt}.
(fancyhdr)                You might also make \topmargin smaller to compensate:

(fancyhdr)                \addtolength{\topmargin}{-2.93912pt}.

[37 <./GALLEYS/images/chapter5/images8.png> <./GALLEYS/images/chapter5/images9.
png>]
<GALLEYS/images/chapter5/diagram2.png, id=419, 375.804pt x 290.2845pt>
File: GALLEYS/images/chapter5/diagram2.png Graphic file (type png)
<use GALLEYS/images/chapter5/diagram2.png>
Package pdftex.def Info: GALLEYS/images/chapter5/diagram2.png  used on input li
ne 103.
(pdftex.def)             Requested size: 375.80309pt x 290.28378pt.

Underfull \hbox (badness 10000) in paragraph at lines 103--110

 []


Package fancyhdr Warning: \headheight is too small (12.0pt): 
(fancyhdr)                Make it at least 14.93912pt, for example:
(fancyhdr)                \setlength{\headheight}{14.93912pt}.
(fancyhdr)                You might also make \topmargin smaller to compensate:

(fancyhdr)                \addtolength{\topmargin}{-2.93912pt}.

[38]
Underfull \hbox (badness 10000) in paragraph at lines 111--112

 []


Underfull \hbox (badness 10000) in paragraph at lines 113--114

 []


Underfull \hbox (badness 10000) in paragraph at lines 115--116

 []

<GALLEYS/images/chapter5/images10.png, id=424, 306.54526pt x 214.401pt>
File: GALLEYS/images/chapter5/images10.png Graphic file (type png)
<use GALLEYS/images/chapter5/images10.png>
Package pdftex.def Info: GALLEYS/images/chapter5/images10.png  used on input li
ne 119.
(pdftex.def)             Requested size: 306.5445pt x 214.40047pt.

Package fancyhdr Warning: \headheight is too small (12.0pt): 
(fancyhdr)                Make it at least 14.93912pt, for example:
(fancyhdr)                \setlength{\headheight}{14.93912pt}.
(fancyhdr)                You might also make \topmargin smaller to compensate:

(fancyhdr)                \addtolength{\topmargin}{-2.93912pt}.

[39 <./GALLEYS/images/chapter5/diagram2.png>]
Underfull \hbox (badness 10000) in paragraph at lines 121--124

 []

<GALLEYS/images/chapter5/images11.png, id=429, 490.83376pt x 395.076pt>
File: GALLEYS/images/chapter5/images11.png Graphic file (type png)
<use GALLEYS/images/chapter5/images11.png>
Package pdftex.def Info: GALLEYS/images/chapter5/images11.png  used on input li
ne 127.
(pdftex.def)             Requested size: 490.83255pt x 395.07503pt.

Package fancyhdr Warning: \headheight is too small (12.0pt): 
(fancyhdr)                Make it at least 14.93912pt, for example:
(fancyhdr)                \setlength{\headheight}{14.93912pt}.
(fancyhdr)                You might also make \topmargin smaller to compensate:

(fancyhdr)                \addtolength{\topmargin}{-2.93912pt}.

[40 <./GALLEYS/images/chapter5/images10.png>]
Underfull \hbox (badness 10000) in paragraph at lines 129--133

 []

<GALLEYS/images/chapter5/images12.png, id=435, 440.24475pt x 399.29175pt>
File: GALLEYS/images/chapter5/images12.png Graphic file (type png)
<use GALLEYS/images/chapter5/images12.png>
Package pdftex.def Info: GALLEYS/images/chapter5/images12.png  used on input li
ne 135.
(pdftex.def)             Requested size: 440.24368pt x 399.29077pt.

Package fancyhdr Warning: \headheight is too small (12.0pt): 
(fancyhdr)                Make it at least 14.93912pt, for example:
(fancyhdr)                \setlength{\headheight}{14.93912pt}.
(fancyhdr)                You might also make \topmargin smaller to compensate:

(fancyhdr)                \addtolength{\topmargin}{-2.93912pt}.

[41 <./GALLEYS/images/chapter5/images11.png>]
<GALLEYS/images/chapter5/images13.png, id=440, 415.5525pt x 464.937pt>
File: GALLEYS/images/chapter5/images13.png Graphic file (type png)
<use GALLEYS/images/chapter5/images13.png>
Package pdftex.def Info: GALLEYS/images/chapter5/images13.png  used on input li
ne 139.
(pdftex.def)             Requested size: 415.55148pt x 464.93585pt.


Package fancyhdr Warning: \headheight is too small (12.0pt): 
(fancyhdr)                Make it at least 14.93912pt, for example:
(fancyhdr)                \setlength{\headheight}{14.93912pt}.
(fancyhdr)                You might also make \topmargin smaller to compensate:

(fancyhdr)                \addtolength{\topmargin}{-2.93912pt}.

[42 <./GALLEYS/images/chapter5/images12.png>]
<GALLEYS/images/chapter5/images14.png, id=446, 431.81325pt x 217.41225pt>
File: GALLEYS/images/chapter5/images14.png Graphic file (type png)
<use GALLEYS/images/chapter5/images14.png>
Package pdftex.def Info: GALLEYS/images/chapter5/images14.png  used on input li
ne 145.
(pdftex.def)             Requested size: 431.81218pt x 217.4117pt.


Package fancyhdr Warning: \headheight is too small (12.0pt): 
(fancyhdr)                Make it at least 14.93912pt, for example:
(fancyhdr)                \setlength{\headheight}{14.93912pt}.
(fancyhdr)                You might also make \topmargin smaller to compensate:

(fancyhdr)                \addtolength{\topmargin}{-2.93912pt}.

[43 <./GALLEYS/images/chapter5/images13.png>]
Underfull \hbox (badness 10000) in paragraph at lines 148--149

 []

<GALLEYS/images/chapter5/images15.png, id=453, 376.40625pt x 419.166pt>
File: GALLEYS/images/chapter5/images15.png Graphic file (type png)
<use GALLEYS/images/chapter5/images15.png>
Package pdftex.def Info: GALLEYS/images/chapter5/images15.png  used on input li
ne 150.
(pdftex.def)             Requested size: 301.29196pt x 335.51675pt.

Underfull \hbox (badness 10000) in paragraph at lines 152--153

 []


Package fancyhdr Warning: \headheight is too small (12.0pt): 
(fancyhdr)                Make it at least 14.93912pt, for example:
(fancyhdr)                \setlength{\headheight}{14.93912pt}.
(fancyhdr)                You might also make \topmargin smaller to compensate:

(fancyhdr)                \addtolength{\topmargin}{-2.93912pt}.

[44 <./GALLEYS/images/chapter5/images14.png> <./GALLEYS/images/chapter5/images1
5.png>]
<GALLEYS/images/chapter5/images16.png, id=460, 409.53pt x 420.3705pt>
File: GALLEYS/images/chapter5/images16.png Graphic file (type png)
<use GALLEYS/images/chapter5/images16.png>
Package pdftex.def Info: GALLEYS/images/chapter5/images16.png  used on input li
ne 154.
(pdftex.def)             Requested size: 409.52899pt x 420.36948pt.
<GALLEYS/images/chapter5/images17.png, id=461, 358.33875pt x 281.853pt>
File: GALLEYS/images/chapter5/images17.png Graphic file (type png)
<use GALLEYS/images/chapter5/images17.png>
Package pdftex.def Info: GALLEYS/images/chapter5/images17.png  used on input li
ne 157.
(pdftex.def)             Requested size: 358.33788pt x 281.85231pt.


Package fancyhdr Warning: \headheight is too small (12.0pt): 
(fancyhdr)                Make it at least 14.93912pt, for example:
(fancyhdr)                \setlength{\headheight}{14.93912pt}.
(fancyhdr)                You might also make \topmargin smaller to compensate:

(fancyhdr)                \addtolength{\topmargin}{-2.93912pt}.

[45 <./GALLEYS/images/chapter5/images16.png>])
Underfull \hbox (badness 10000) in paragraph at lines 159--101

 []


Package fancyhdr Warning: \headheight is too small (12.0pt): 
(fancyhdr)                Make it at least 14.93912pt, for example:
(fancyhdr)                \setlength{\headheight}{14.93912pt}.
(fancyhdr)                You might also make \topmargin smaller to compensate:

(fancyhdr)                \addtolength{\topmargin}{-2.93912pt}.

[46 <./GALLEYS/images/chapter5/images17.png>] [47

]

Package hyperref Warning: Token not allowed in a PDF string (Unicode):
(hyperref)                \kern 11.74713pt
(hyperref)                removed on input line 111.


LaTeX Warning: Empty `thebibliography' environment on input line 115.

[48

] (main.aux)
Package rerunfilecheck Info: File `main.out' has not changed.
(rerunfilecheck)             Checksum: 595E182B03D6E3395EE716187286858D;4769.
 ) 
Here is how much of TeX's memory you used:
 30690 strings out of 478659
 626098 string characters out of 2846394
 899013 words of memory out of 3000000
 48132 multiletter control sequences out of 15000+600000
 418995 words of font info for 62 fonts, out of 8000000 for 9000
 1141 hyphenation exceptions out of 8191
 108i,9n,106p,926b,466s stack positions out of 5000i,500n,10000p,200000b,80000s
 <C:\Users\dell\AppData\Local\MiKTeX\fonts/pk/ljfour/jknappen/ec/dpi600\tcrm1
200.pk><C:/Users/dell/AppData/Local/Programs/MiKTeX/fonts/type1/vntex/vnr/vnbx1
2.pfb><C:/Users/dell/AppData/Local/Programs/MiKTeX/fonts/type1/vntex/vnr/vnr12.
pfb>
Output written on main.pdf (48 pages, 1680460 bytes).
PDF statistics:
 517 PDF objects out of 1000 (max. 8388607)
 83 named destinations out of 1000 (max. 500000)
 586 words of extra memory for PDF output out of 10000 (max. 10000000)

